#
# There is insufficient memory for the Java Runtime Environment to continue.
# Native memory allocation (malloc) failed to allocate 2676272 bytes. Error detail: Chunk::new
# Possible reasons:
#   The system is out of physical RAM or swap space
#   This process is running with CompressedOops enabled, and the Java Heap may be blocking the growth of the native heap
# Possible solutions:
#   Reduce memory load on the system
#   Increase physical memory or swap space
#   Check if swap backing store is full
#   Decrease Java heap size (-Xmx/-Xms)
#   Decrease number of Java threads
#   Decrease Java thread stack sizes (-Xss)
#   Set larger code cache with -XX:ReservedCodeCacheSize=
#   JVM is running with Unscaled Compressed Oops mode in which the Java heap is
#     placed in the first 4GB address space. The Java Heap base address is the
#     maximum limit for the native heap growth. Please use -XX:HeapBaseMinAddress
#     to set the Java Heap base and to place the Java Heap above 4GB virtual address.
# This output file may be truncated or incomplete.
#
#  Out of Memory Error (arena.cpp:150), pid=15048, tid=14436
#
# JRE version: OpenJDK Runtime Environment (22.0.2+9) (build 22.0.2+9-70)
# Java VM: OpenJDK 64-Bit Server VM (22.0.2+9-70, mixed mode, sharing, tiered, compressed oops, compressed class ptrs, g1 gc, windows-amd64)
# No core dump will be written. Minidumps are not enabled by default on client versions of Windows
#

---------------  S U M M A R Y ------------

Command Line: -agentlib:jdwp=transport=dt_socket,address=127.0.0.1:64678,suspend=y,server=n -javaagent:C:\Users\bwana\AppData\Local\JetBrains\IdeaIC2024.2\captureAgent\debugger-agent.jar=file:/C:/Users/bwana/AppData/Local/Temp/capture.props -Dkotlinx.coroutines.debug.enable.creation.stack.trace=false -Ddebugger.agent.enable.coroutines=true -Dfile.encoding=UTF-8 -Dsun.stdout.encoding=UTF-8 -Dsun.stderr.encoding=UTF-8 essay.essay.EssayApplication

Host: Intel(R) Core(TM) i5-2520M CPU @ 2.50GHz, 4 cores, 7G,  Windows 10 , 64 bit Build 19041 (10.0.19041.5915)
Time: Mon Jun 30 00:42:00 2025 E. Africa Standard Time elapsed time: 14.995927 seconds (0d 0h 0m 14s)

---------------  T H R E A D  ---------------

Current thread (0x00000178021c1fb0):  JavaThread "C2 CompilerThread0" daemon [_thread_in_native, id=14436, stack(0x000000418be00000,0x000000418bf00000) (1024K)]


Current CompileTask:
C2:14996 5497       4       org.springframework.core.BridgeMethodResolver::resolveBridgeMethod (180 bytes)

Stack: [0x000000418be00000,0x000000418bf00000]
Native frames: (J=compiled Java code, j=interpreted, Vv=VM code, C=native code)
V  [jvm.dll+0x6e26e9]  (no source info available)
V  [jvm.dll+0x875753]  (no source info available)
V  [jvm.dll+0x877b7e]  (no source info available)
V  [jvm.dll+0x878253]  (no source info available)
V  [jvm.dll+0x27fc86]  (no source info available)
V  [jvm.dll+0xc3d0f]  (no source info available)
V  [jvm.dll+0xc3f6b]  (no source info available)
V  [jvm.dll+0x3bb47c]  (no source info available)
V  [jvm.dll+0x387d4b]  (no source info available)
V  [jvm.dll+0x3871ba]  (no source info available)
V  [jvm.dll+0x2477f8]  (no source info available)
V  [jvm.dll+0x246e9f]  (no source info available)
V  [jvm.dll+0x1c4e80]  (no source info available)
V  [jvm.dll+0x2568f3]  (no source info available)
V  [jvm.dll+0x254baa]  (no source info available)
V  [jvm.dll+0x3f57a6]  (no source info available)
V  [jvm.dll+0x81dc0b]  (no source info available)
V  [jvm.dll+0x6e0d85]  (no source info available)
C  [ucrtbase.dll+0x21bb2]  (no source info available)
C  [KERNEL32.DLL+0x17374]  (no source info available)
C  [ntdll.dll+0x4cc91]  (no source info available)


---------------  P R O C E S S  ---------------

Threads class SMR info:
_java_thread_list=0x000001784fda5cd0, length=16, elements={
0x00000178640e01a0, 0x00000178021b6b50, 0x00000178021b7c20, 0x00000178021b9c30,
0x00000178021bfae0, 0x00000178021c07c0, 0x00000178021c1220, 0x00000178021c1fb0,
0x00000178021c32d0, 0x00000178023c4690, 0x000001780255df40, 0x000001780255e7e0,
0x00000178025767a0, 0x00000178026607f0, 0x000001784ac325b0, 0x0000017848d17010
}

Java Threads: ( => current thread )
  0x00000178640e01a0 JavaThread "main"                              [_thread_in_Java, id=13648, stack(0x000000418b000000,0x000000418b100000) (1024K)]
  0x00000178021b6b50 JavaThread "Reference Handler"          daemon [_thread_blocked, id=3836, stack(0x000000418b800000,0x000000418b900000) (1024K)]
  0x00000178021b7c20 JavaThread "Finalizer"                  daemon [_thread_blocked, id=14724, stack(0x000000418b900000,0x000000418ba00000) (1024K)]
  0x00000178021b9c30 JavaThread "Signal Dispatcher"          daemon [_thread_blocked, id=15140, stack(0x000000418ba00000,0x000000418bb00000) (1024K)]
  0x00000178021bfae0 JavaThread "Attach Listener"            daemon [_thread_blocked, id=6464, stack(0x000000418bb00000,0x000000418bc00000) (1024K)]
  0x00000178021c07c0 JavaThread "Service Thread"             daemon [_thread_blocked, id=12320, stack(0x000000418bc00000,0x000000418bd00000) (1024K)]
  0x00000178021c1220 JavaThread "Monitor Deflation Thread"   daemon [_thread_blocked, id=7124, stack(0x000000418bd00000,0x000000418be00000) (1024K)]
=>0x00000178021c1fb0 JavaThread "C2 CompilerThread0"         daemon [_thread_in_native, id=14436, stack(0x000000418be00000,0x000000418bf00000) (1024K)]
  0x00000178021c32d0 JavaThread "C1 CompilerThread0"         daemon [_thread_blocked, id=6616, stack(0x000000418bf00000,0x000000418c000000) (1024K)]
  0x00000178023c4690 JavaThread "Common-Cleaner"             daemon [_thread_blocked, id=5124, stack(0x000000418c000000,0x000000418c100000) (1024K)]
  0x000001780255df40 JavaThread "JDWP Transport Listener: dt_socket" daemon [_thread_blocked, id=9964, stack(0x000000418c100000,0x000000418c200000) (1024K)]
  0x000001780255e7e0 JavaThread "JDWP Event Helper Thread"   daemon [_thread_blocked, id=14872, stack(0x000000418c200000,0x000000418c300000) (1024K)]
  0x00000178025767a0 JavaThread "JDWP Command Reader"        daemon [_thread_in_native, id=1652, stack(0x000000418c300000,0x000000418c400000) (1024K)]
  0x00000178026607f0 JavaThread "Notification Thread"        daemon [_thread_blocked, id=15228, stack(0x000000418c400000,0x000000418c500000) (1024K)]
  0x000001784ac325b0 JavaThread "mysql-cj-abandoned-connection-cleanup" daemon [_thread_blocked, id=13128, stack(0x000000418c900000,0x000000418ca00000) (1024K)]
  0x0000017848d17010 JavaThread "C2 CompilerThread1"         daemon [_thread_in_native, id=11428, stack(0x000000418ca00000,0x000000418cb00000) (1024K)]
Total: 16

Other Threads:
  0x00000178021989f0 VMThread "VM Thread"                           [id=15064, stack(0x000000418b700000,0x000000418b800000) (1024K)]
  0x00000178640d7190 WatcherThread "VM Periodic Task Thread"        [id=13216, stack(0x000000418b600000,0x000000418b700000) (1024K)]
  0x000001786413a020 WorkerThread "GC Thread#0"                     [id=12560, stack(0x000000418b100000,0x000000418b200000) (1024K)]
  0x0000017802d086c0 WorkerThread "GC Thread#1"                     [id=15224, stack(0x000000418c500000,0x000000418c600000) (1024K)]
  0x0000017802d08a70 WorkerThread "GC Thread#2"                     [id=10308, stack(0x000000418c600000,0x000000418c700000) (1024K)]
  0x0000017802d1f200 WorkerThread "GC Thread#3"                     [id=14908, stack(0x000000418c700000,0x000000418c800000) (1024K)]
  0x0000017863f5dea0 ConcurrentGCThread "G1 Main Marker"            [id=2716, stack(0x000000418b200000,0x000000418b300000) (1024K)]
  0x0000017863f5ea70 WorkerThread "G1 Conc#0"                       [id=7476, stack(0x000000418b300000,0x000000418b400000) (1024K)]
  0x000001786418e7b0 ConcurrentGCThread "G1 Refine#0"               [id=7024, stack(0x000000418b400000,0x000000418b500000) (1024K)]
  0x0000017802041540 ConcurrentGCThread "G1 Service"                [id=14884, stack(0x000000418b500000,0x000000418b600000) (1024K)]
Total: 10

Threads with active compile tasks:
C2 CompilerThread0  15298 5497       4       org.springframework.core.BridgeMethodResolver::resolveBridgeMethod (180 bytes)
C1 CompilerThread0  15299 5686       3       java.util.TreeMap::getFirstEntry (26 bytes)
C2 CompilerThread1  15299 5649 % !   4       org.springframework.util.ReflectionUtils::doWithMethods @ 31 (189 bytes)
Total: 3

VM state: not at safepoint (normal execution)

VM Mutex/Monitor currently owned by a thread: None

Heap address: 0x0000000081800000, size: 2024 MB, Compressed Oops mode: 32-bit

CDS archive(s) mapped at: [0x0000017803000000-0x0000017803c60000-0x0000017803c60000), size 12976128, SharedBaseAddress: 0x0000017803000000, ArchiveRelocationMode: 1.
Compressed class space mapped at: 0x0000017804000000-0x0000017844000000, reserved size: 1073741824
Narrow klass base: 0x0000017803000000, Narrow klass shift: 0, Narrow klass range: 0x41000000

GC Precious Log:
 CardTable entry size: 512
 Card Set container configuration: InlinePtr #cards 5 size 8 Array Of Cards #cards 12 size 40 Howl #buckets 4 coarsen threshold 1843 Howl Bitmap #cards 512 size 80 coarsen threshold 460 Card regions per heap region 1 cards per card region 2048
 CPUs: 4 total, 4 available
 Memory: 8088M
 Large Page Support: Disabled
 NUMA Support: Disabled
 Compressed Oops: Enabled (32-bit)
 Heap Region Size: 1M
 Heap Min Capacity: 8M
 Heap Initial Capacity: 128M
 Heap Max Capacity: 2024M
 Pre-touch: Disabled
 Parallel Workers: 4
 Concurrent Workers: 1
 Concurrent Refinement Workers: 4
 Periodic GC: Disabled

Heap:
 garbage-first heap   total reserved 2072576K, committed 66560K, used 42561K [0x0000000081800000, 0x0000000100000000)
  region size 1024K, 19 young (19456K), 1 survivors (1024K)
 Metaspace       used 62749K, committed 63424K, reserved 1114112K
  class space    used 8408K, committed 8704K, reserved 1048576K

Heap Regions: E=young(eden), S=young(survivor), O=old, HS=humongous(starts), HC=humongous(continues), CS=collection set, F=free, TAMS=top-at-mark-start, PB=parsable bottom
|   0|0x0000000081800000, 0x0000000081900000, 0x0000000081900000|100%|HS|  |TAMS 0x0000000081800000| PB 0x0000000081800000| Complete |  0
|   1|0x0000000081900000, 0x0000000081a00000, 0x0000000081a00000|100%| O|  |TAMS 0x0000000081900000| PB 0x0000000081900000| Untracked |  0
|   2|0x0000000081a00000, 0x0000000081b00000, 0x0000000081b00000|100%| O|  |TAMS 0x0000000081a00000| PB 0x0000000081a00000| Untracked |  0
|   3|0x0000000081b00000, 0x0000000081c00000, 0x0000000081c00000|100%| O|  |TAMS 0x0000000081b00000| PB 0x0000000081b00000| Untracked |  0
|   4|0x0000000081c00000, 0x0000000081d00000, 0x0000000081d00000|100%| O|  |TAMS 0x0000000081c00000| PB 0x0000000081c00000| Untracked |  0
|   5|0x0000000081d00000, 0x0000000081e00000, 0x0000000081e00000|100%| O|  |TAMS 0x0000000081d00000| PB 0x0000000081d00000| Untracked |  0
|   6|0x0000000081e00000, 0x0000000081f00000, 0x0000000081f00000|100%| O|  |TAMS 0x0000000081e00000| PB 0x0000000081e00000| Untracked |  0
|   7|0x0000000081f00000, 0x0000000082000000, 0x0000000082000000|100%| O|  |TAMS 0x0000000081f00000| PB 0x0000000081f00000| Untracked |  0
|   8|0x0000000082000000, 0x0000000082100000, 0x0000000082100000|100%| O|  |TAMS 0x0000000082000000| PB 0x0000000082000000| Untracked |  0
|   9|0x0000000082100000, 0x0000000082200000, 0x0000000082200000|100%| O|  |TAMS 0x0000000082100000| PB 0x0000000082100000| Untracked |  0
|  10|0x0000000082200000, 0x0000000082300000, 0x0000000082300000|100%| O|  |TAMS 0x0000000082200000| PB 0x0000000082200000| Untracked |  0
|  11|0x0000000082300000, 0x0000000082400000, 0x0000000082400000|100%| O|  |TAMS 0x0000000082300000| PB 0x0000000082300000| Untracked |  0
|  12|0x0000000082400000, 0x0000000082500000, 0x0000000082500000|100%| O|  |TAMS 0x0000000082400000| PB 0x0000000082400000| Untracked |  0
|  13|0x0000000082500000, 0x0000000082600000, 0x0000000082600000|100%| O|  |TAMS 0x0000000082500000| PB 0x0000000082500000| Untracked |  0
|  14|0x0000000082600000, 0x0000000082700000, 0x0000000082700000|100%| O|  |TAMS 0x0000000082600000| PB 0x0000000082600000| Untracked |  0
|  15|0x0000000082700000, 0x0000000082800000, 0x0000000082800000|100%| O|  |TAMS 0x0000000082700000| PB 0x0000000082700000| Untracked |  0
|  16|0x0000000082800000, 0x0000000082900000, 0x0000000082900000|100%| O|  |TAMS 0x0000000082800000| PB 0x0000000082800000| Untracked |  0
|  17|0x0000000082900000, 0x0000000082a00000, 0x0000000082a00000|100%| O|Cm|TAMS 0x0000000082900000| PB 0x0000000082900000| Complete |  0
|  18|0x0000000082a00000, 0x0000000082b00000, 0x0000000082b00000|100%| O|  |TAMS 0x0000000082a00000| PB 0x0000000082a00000| Untracked |  0
|  19|0x0000000082b00000, 0x0000000082c00000, 0x0000000082c00000|100%| O|  |TAMS 0x0000000082b00000| PB 0x0000000082b00000| Untracked |  0
|  20|0x0000000082c00000, 0x0000000082d00000, 0x0000000082d00000|100%| O|  |TAMS 0x0000000082c00000| PB 0x0000000082c00000| Untracked |  0
|  21|0x0000000082d00000, 0x0000000082e00000, 0x0000000082e00000|100%| O|  |TAMS 0x0000000082d00000| PB 0x0000000082d00000| Untracked |  0
|  22|0x0000000082e00000, 0x0000000082f00000, 0x0000000082f00000|100%| O|  |TAMS 0x0000000082e00000| PB 0x0000000082e00000| Untracked |  0
|  23|0x0000000082f00000, 0x0000000082f00000, 0x0000000083000000|  0%| F|  |TAMS 0x0000000082f00000| PB 0x0000000082f00000| Untracked |  0
|  24|0x0000000083000000, 0x0000000083000000, 0x0000000083100000|  0%| F|  |TAMS 0x0000000083000000| PB 0x0000000083000000| Untracked |  0
|  25|0x0000000083100000, 0x0000000083200000, 0x0000000083200000|100%| O|  |TAMS 0x0000000083100000| PB 0x0000000083100000| Untracked |  0
|  26|0x0000000083200000, 0x00000000832e3760, 0x0000000083300000| 88%| O|  |TAMS 0x0000000083200000| PB 0x0000000083200000| Untracked |  0
|  27|0x0000000083300000, 0x0000000083300000, 0x0000000083400000|  0%| F|  |TAMS 0x0000000083300000| PB 0x0000000083300000| Untracked |  0
|  28|0x0000000083400000, 0x0000000083400000, 0x0000000083500000|  0%| F|  |TAMS 0x0000000083400000| PB 0x0000000083400000| Untracked |  0
|  29|0x0000000083500000, 0x0000000083500000, 0x0000000083600000|  0%| F|  |TAMS 0x0000000083500000| PB 0x0000000083500000| Untracked |  0
|  30|0x0000000083600000, 0x0000000083600000, 0x0000000083700000|  0%| F|  |TAMS 0x0000000083600000| PB 0x0000000083600000| Untracked |  0
|  31|0x0000000083700000, 0x0000000083700000, 0x0000000083800000|  0%| F|  |TAMS 0x0000000083700000| PB 0x0000000083700000| Untracked |  0
|  32|0x0000000083800000, 0x0000000083800000, 0x0000000083900000|  0%| F|  |TAMS 0x0000000083800000| PB 0x0000000083800000| Untracked |  0
|  33|0x0000000083900000, 0x0000000083900000, 0x0000000083a00000|  0%| F|  |TAMS 0x0000000083900000| PB 0x0000000083900000| Untracked |  0
|  34|0x0000000083a00000, 0x0000000083a00000, 0x0000000083b00000|  0%| F|  |TAMS 0x0000000083a00000| PB 0x0000000083a00000| Untracked |  0
|  35|0x0000000083b00000, 0x0000000083b00000, 0x0000000083c00000|  0%| F|  |TAMS 0x0000000083b00000| PB 0x0000000083b00000| Untracked |  0
|  36|0x0000000083c00000, 0x0000000083c00000, 0x0000000083d00000|  0%| F|  |TAMS 0x0000000083c00000| PB 0x0000000083c00000| Untracked |  0
|  37|0x0000000083d00000, 0x0000000083d00000, 0x0000000083e00000|  0%| F|  |TAMS 0x0000000083d00000| PB 0x0000000083d00000| Untracked |  0
|  38|0x0000000083e00000, 0x0000000083e00000, 0x0000000083f00000|  0%| F|  |TAMS 0x0000000083e00000| PB 0x0000000083e00000| Untracked |  0
|  39|0x0000000083f00000, 0x0000000083f00000, 0x0000000084000000|  0%| F|  |TAMS 0x0000000083f00000| PB 0x0000000083f00000| Untracked |  0
|  40|0x0000000084000000, 0x0000000084000000, 0x0000000084100000|  0%| F|  |TAMS 0x0000000084000000| PB 0x0000000084000000| Untracked |  0
|  41|0x0000000084100000, 0x0000000084100000, 0x0000000084200000|  0%| F|  |TAMS 0x0000000084100000| PB 0x0000000084100000| Untracked |  0
|  42|0x0000000084200000, 0x0000000084200000, 0x0000000084300000|  0%| F|  |TAMS 0x0000000084200000| PB 0x0000000084200000| Untracked |  0
|  43|0x0000000084300000, 0x0000000084300000, 0x0000000084400000|  0%| F|  |TAMS 0x0000000084300000| PB 0x0000000084300000| Untracked |  0
|  44|0x0000000084400000, 0x0000000084400000, 0x0000000084500000|  0%| F|  |TAMS 0x0000000084400000| PB 0x0000000084400000| Untracked |  0
|  45|0x0000000084500000, 0x0000000084500000, 0x0000000084600000|  0%| F|  |TAMS 0x0000000084500000| PB 0x0000000084500000| Untracked |  0
|  46|0x0000000084600000, 0x0000000084700000, 0x0000000084700000|100%| E|  |TAMS 0x0000000084600000| PB 0x0000000084600000| Complete |  0
|  47|0x0000000084700000, 0x0000000084800000, 0x0000000084800000|100%| E|  |TAMS 0x0000000084700000| PB 0x0000000084700000| Complete |  0
|  48|0x0000000084800000, 0x0000000084900000, 0x0000000084900000|100%| E|CS|TAMS 0x0000000084800000| PB 0x0000000084800000| Complete |  0
|  49|0x0000000084900000, 0x0000000084a00000, 0x0000000084a00000|100%| E|CS|TAMS 0x0000000084900000| PB 0x0000000084900000| Complete |  0
|  50|0x0000000084a00000, 0x0000000084b00000, 0x0000000084b00000|100%| E|CS|TAMS 0x0000000084a00000| PB 0x0000000084a00000| Complete |  0
|  51|0x0000000084b00000, 0x0000000084c00000, 0x0000000084c00000|100%| E|CS|TAMS 0x0000000084b00000| PB 0x0000000084b00000| Complete |  0
|  52|0x0000000084c00000, 0x0000000084d00000, 0x0000000084d00000|100%| E|CS|TAMS 0x0000000084c00000| PB 0x0000000084c00000| Complete |  0
|  53|0x0000000084d00000, 0x0000000084e00000, 0x0000000084e00000|100%| E|CS|TAMS 0x0000000084d00000| PB 0x0000000084d00000| Complete |  0
|  54|0x0000000084e00000, 0x0000000084f00000, 0x0000000084f00000|100%| E|CS|TAMS 0x0000000084e00000| PB 0x0000000084e00000| Complete |  0
|  55|0x0000000084f00000, 0x0000000085000000, 0x0000000085000000|100%| E|CS|TAMS 0x0000000084f00000| PB 0x0000000084f00000| Complete |  0
|  66|0x0000000085a00000, 0x0000000085b00000, 0x0000000085b00000|100%| E|CS|TAMS 0x0000000085a00000| PB 0x0000000085a00000| Complete |  0
|  67|0x0000000085b00000, 0x0000000085c00000, 0x0000000085c00000|100%| E|CS|TAMS 0x0000000085b00000| PB 0x0000000085b00000| Complete |  0
|  68|0x0000000085c00000, 0x0000000085cacf50, 0x0000000085d00000| 67%| S|CS|TAMS 0x0000000085c00000| PB 0x0000000085c00000| Complete |  0
|  69|0x0000000085d00000, 0x0000000085e00000, 0x0000000085e00000|100%| E|CS|TAMS 0x0000000085d00000| PB 0x0000000085d00000| Complete |  0
|  70|0x0000000085e00000, 0x0000000085f00000, 0x0000000085f00000|100%| E|CS|TAMS 0x0000000085e00000| PB 0x0000000085e00000| Complete |  0
|  71|0x0000000085f00000, 0x0000000086000000, 0x0000000086000000|100%| E|CS|TAMS 0x0000000085f00000| PB 0x0000000085f00000| Complete |  0
|  72|0x0000000086000000, 0x0000000086100000, 0x0000000086100000|100%| E|CS|TAMS 0x0000000086000000| PB 0x0000000086000000| Complete |  0
|  73|0x0000000086100000, 0x0000000086200000, 0x0000000086200000|100%| E|CS|TAMS 0x0000000086100000| PB 0x0000000086100000| Complete |  0
| 127|0x0000000089700000, 0x0000000089800000, 0x0000000089800000|100%| E|CS|TAMS 0x0000000089700000| PB 0x0000000089700000| Complete |  0

Card table byte_map: [0x000001787d620000,0x000001787da20000] _byte_map_base: 0x000001787d214000

Marking Bits: (CMBitMap*) 0x000001786413a640
 Bits: [0x000001787da20000, 0x000001787f9c0000)

Polling page: 0x0000017864190000

Metaspace:

Usage:
  Non-class:     53.07 MB used.
      Class:      8.21 MB used.
       Both:     61.28 MB used.

Virtual space:
  Non-class space:       64.00 MB reserved,      53.44 MB ( 83%) committed,  1 nodes.
      Class space:        1.00 GB reserved,       8.50 MB ( <1%) committed,  1 nodes.
             Both:        1.06 GB reserved,      61.94 MB (  6%) committed. 

Chunk freelists:
   Non-Class:  9.72 MB
       Class:  7.53 MB
        Both:  17.25 MB

MaxMetaspaceSize: unlimited
CompressedClassSpaceSize: 1.00 GB
Initial GC threshold: 21.00 MB
Current GC threshold: 99.69 MB
CDS: on
 - commit_granule_bytes: 65536.
 - commit_granule_words: 8192.
 - virtual_space_node_default_size: 8388608.
 - enlarge_chunks_in_place: 1.
 - use_allocation_guard: 0.


Internal statistics:

num_allocs_failed_limit: 15.
num_arena_births: 758.
num_arena_deaths: 0.
num_vsnodes_births: 2.
num_vsnodes_deaths: 0.
num_space_committed: 991.
num_space_uncommitted: 0.
num_chunks_returned_to_freelist: 15.
num_chunks_taken_from_freelist: 2814.
num_chunk_merges: 9.
num_chunk_splits: 2063.
num_chunks_enlarged: 1655.
num_inconsistent_stats: 0.

CodeHeap 'non-profiled nmethods': size=120000Kb used=2985Kb max_used=3065Kb free=117014Kb
 bounds [0x00000178756d0000, 0x00000178759d0000, 0x000001787cc00000]
CodeHeap 'profiled nmethods': size=120000Kb used=9984Kb max_used=10279Kb free=110015Kb
 bounds [0x000001786dc00000, 0x000001786e610000, 0x0000017875130000]
CodeHeap 'non-nmethods': size=5760Kb used=1796Kb max_used=1843Kb free=3963Kb
 bounds [0x0000017875130000, 0x00000178753a0000, 0x00000178756d0000]
 total_blobs=5795 nmethods=5044 adapters=655
 compilation: enabled
              stopped_count=0, restarted_count=0
 full_count=0

Compilation events (20 events):
Event: 14.947 Thread 0x00000178021c32d0 5626       3       java.lang.ThreadLocal::set (26 bytes)
Event: 14.948 Thread 0x00000178021c32d0 nmethod 5626 0x000001786de3c910 code [0x000001786de3cae0, 0x000001786de3ce58]
Event: 14.950 Thread 0x00000178021c32d0 5627       3       org.springframework.beans.factory.annotation.InjectionMetadata::forElements (33 bytes)
Event: 14.950 Thread 0x00000178021c32d0 nmethod 5627 0x000001786e1bf990 code [0x000001786e1bfb80, 0x000001786e1c01b8]
Event: 14.950 Thread 0x00000178021c32d0 5628       3       org.springframework.beans.factory.annotation.InjectionMetadata::checkConfigMembers (115 bytes)
Event: 14.951 Thread 0x00000178021c32d0 nmethod 5628 0x000001786e09b090 code [0x000001786e09b340, 0x000001786e09c0b8]
Event: 14.951 Thread 0x00000178021c32d0 5629   !   3       org.springframework.beans.factory.annotation.InitDestroyAnnotationBeanPostProcessor::findLifecycleMetadata (87 bytes)
Event: 14.952 Thread 0x00000178021c32d0 nmethod 5629 0x000001786e3b5e90 code [0x000001786e3b60a0, 0x000001786e3b68a0]
Event: 14.952 Thread 0x00000178021c32d0 5630       3       org.springframework.util.ReflectionUtils::findDefaultMethodsOnInterfaces (97 bytes)
Event: 14.953 Thread 0x00000178021c32d0 nmethod 5630 0x000001786e12d810 code [0x000001786e12da60, 0x000001786e12e348]
Event: 14.971 Thread 0x00000178021c32d0 5632       3       org.springframework.core.BridgeMethodResolver$$Lambda/0x000001780433e468::<init> (10 bytes)
Event: 14.971 Thread 0x00000178021c32d0 nmethod 5632 0x000001786e382510 code [0x000001786e3826a0, 0x000001786e382858]
Event: 14.971 Thread 0x00000178021c32d0 5633       3       org.springframework.core.BridgeMethodResolver$$Lambda/0x000001780433e698::<init> (10 bytes)
Event: 14.971 Thread 0x00000178021c32d0 nmethod 5633 0x000001786ddcdc90 code [0x000001786ddcde20, 0x000001786ddcdfd8]
Event: 14.974 Thread 0x00000178021c32d0 5635       1       org.springframework.beans.factory.support.AbstractBeanFactory::getConversionService (5 bytes)
Event: 14.975 Thread 0x00000178021c32d0 nmethod 5635 0x0000017875828910 code [0x0000017875828aa0, 0x0000017875828b68]
Event: 14.977 Thread 0x00000178021c32d0 5636       3       org.springframework.boot.context.properties.source.ConfigurationPropertyName$ElementsParser::expand (20 bytes)
Event: 14.977 Thread 0x00000178021c32d0 nmethod 5636 0x000001786de04a90 code [0x000001786de04c40, 0x000001786de04e90]
Event: 14.977 Thread 0x00000178021c32d0 5637       3       org.springframework.boot.context.properties.source.ConfigurationPropertyName$ElementsParser::expand (26 bytes)
Event: 14.978 Thread 0x00000178021c32d0 nmethod 5637 0x000001786dc8c890 code [0x000001786dc8ca40, 0x000001786dc8ccf0]

GC Heap History (20 events):
Event: 3.429 GC heap before
{Heap before GC invocations=2 (full 0):
 garbage-first heap   total reserved 2072576K, committed 131072K, used 38763K [0x0000000081800000, 0x0000000100000000)
  region size 1024K, 32 young (32768K), 2 survivors (2048K)
 Metaspace       used 12437K, committed 12736K, reserved 1114112K
  class space    used 1476K, committed 1600K, reserved 1048576K
}
Event: 3.437 GC heap after
{Heap after GC invocations=3 (full 0):
 garbage-first heap   total reserved 2072576K, committed 131072K, used 11260K [0x0000000081800000, 0x0000000100000000)
  region size 1024K, 4 young (4096K), 4 survivors (4096K)
 Metaspace       used 12437K, committed 12736K, reserved 1114112K
  class space    used 1476K, committed 1600K, reserved 1048576K
}
Event: 5.556 GC heap before
{Heap before GC invocations=3 (full 0):
 garbage-first heap   total reserved 2072576K, committed 131072K, used 60412K [0x0000000081800000, 0x0000000100000000)
  region size 1024K, 54 young (55296K), 4 survivors (4096K)
 Metaspace       used 21200K, committed 21504K, reserved 1114112K
  class space    used 2564K, committed 2752K, reserved 1048576K
}
Event: 5.571 GC heap after
{Heap after GC invocations=4 (full 0):
 garbage-first heap   total reserved 2072576K, committed 131072K, used 15429K [0x0000000081800000, 0x0000000100000000)
  region size 1024K, 8 young (8192K), 8 survivors (8192K)
 Metaspace       used 21200K, committed 21504K, reserved 1114112K
  class space    used 2564K, committed 2752K, reserved 1048576K
}
Event: 7.157 GC heap before
{Heap before GC invocations=5 (full 0):
 garbage-first heap   total reserved 2072576K, committed 55296K, used 40005K [0x0000000081800000, 0x0000000100000000)
  region size 1024K, 32 young (32768K), 8 survivors (8192K)
 Metaspace       used 24936K, committed 25344K, reserved 1114112K
  class space    used 3124K, committed 3328K, reserved 1048576K
}
Event: 7.185 GC heap after
{Heap after GC invocations=6 (full 0):
 garbage-first heap   total reserved 2072576K, committed 55296K, used 18148K [0x0000000081800000, 0x0000000100000000)
  region size 1024K, 3 young (3072K), 3 survivors (3072K)
 Metaspace       used 24936K, committed 25344K, reserved 1114112K
  class space    used 3124K, committed 3328K, reserved 1048576K
}
Event: 8.325 GC heap before
{Heap before GC invocations=6 (full 0):
 garbage-first heap   total reserved 2072576K, committed 55296K, used 41700K [0x0000000081800000, 0x0000000100000000)
  region size 1024K, 27 young (27648K), 3 survivors (3072K)
 Metaspace       used 30401K, committed 30912K, reserved 1114112K
  class space    used 3938K, committed 4160K, reserved 1048576K
}
Event: 8.339 GC heap after
{Heap after GC invocations=7 (full 0):
 garbage-first heap   total reserved 2072576K, committed 55296K, used 18408K [0x0000000081800000, 0x0000000100000000)
  region size 1024K, 1 young (1024K), 1 survivors (1024K)
 Metaspace       used 30401K, committed 30912K, reserved 1114112K
  class space    used 3938K, committed 4160K, reserved 1048576K
}
Event: 9.029 GC heap before
{Heap before GC invocations=7 (full 0):
 garbage-first heap   total reserved 2072576K, committed 55296K, used 31720K [0x0000000081800000, 0x0000000100000000)
  region size 1024K, 16 young (16384K), 1 survivors (1024K)
 Metaspace       used 35574K, committed 35968K, reserved 1114112K
  class space    used 4550K, committed 4736K, reserved 1048576K
}
Event: 9.036 GC heap after
{Heap after GC invocations=8 (full 0):
 garbage-first heap   total reserved 2072576K, committed 55296K, used 20181K [0x0000000081800000, 0x0000000100000000)
  region size 1024K, 3 young (3072K), 3 survivors (3072K)
 Metaspace       used 35574K, committed 35968K, reserved 1114112K
  class space    used 4550K, committed 4736K, reserved 1048576K
}
Event: 10.725 GC heap before
{Heap before GC invocations=9 (full 0):
 garbage-first heap   total reserved 2072576K, committed 55296K, used 45781K [0x0000000081800000, 0x0000000100000000)
  region size 1024K, 28 young (28672K), 3 survivors (3072K)
 Metaspace       used 42248K, committed 42752K, reserved 1114112K
  class space    used 5461K, committed 5696K, reserved 1048576K
}
Event: 10.736 GC heap after
{Heap after GC invocations=10 (full 0):
 garbage-first heap   total reserved 2072576K, committed 55296K, used 22175K [0x0000000081800000, 0x0000000100000000)
  region size 1024K, 4 young (4096K), 4 survivors (4096K)
 Metaspace       used 42248K, committed 42752K, reserved 1114112K
  class space    used 5461K, committed 5696K, reserved 1048576K
}
Event: 11.869 GC heap before
{Heap before GC invocations=10 (full 0):
 garbage-first heap   total reserved 2072576K, committed 55296K, used 45727K [0x0000000081800000, 0x0000000100000000)
  region size 1024K, 28 young (28672K), 4 survivors (4096K)
 Metaspace       used 48752K, committed 49280K, reserved 1114112K
  class space    used 6450K, committed 6720K, reserved 1048576K
}
Event: 11.882 GC heap after
{Heap after GC invocations=11 (full 0):
 garbage-first heap   total reserved 2072576K, committed 55296K, used 22634K [0x0000000081800000, 0x0000000100000000)
  region size 1024K, 3 young (3072K), 3 survivors (3072K)
 Metaspace       used 48752K, committed 49280K, reserved 1114112K
  class space    used 6450K, committed 6720K, reserved 1048576K
}
Event: 13.043 GC heap before
{Heap before GC invocations=11 (full 0):
 garbage-first heap   total reserved 2072576K, committed 55296K, used 46186K [0x0000000081800000, 0x0000000100000000)
  region size 1024K, 27 young (27648K), 3 survivors (3072K)
 Metaspace       used 53864K, committed 54464K, reserved 1114112K
  class space    used 7219K, committed 7488K, reserved 1048576K
}
Event: 13.054 GC heap after
{Heap after GC invocations=12 (full 0):
 garbage-first heap   total reserved 2072576K, committed 55296K, used 23439K [0x0000000081800000, 0x0000000100000000)
  region size 1024K, 2 young (2048K), 2 survivors (2048K)
 Metaspace       used 53864K, committed 54464K, reserved 1114112K
  class space    used 7219K, committed 7488K, reserved 1048576K
}
Event: 14.218 GC heap before
{Heap before GC invocations=12 (full 0):
 garbage-first heap   total reserved 2072576K, committed 55296K, used 48015K [0x0000000081800000, 0x0000000100000000)
  region size 1024K, 27 young (27648K), 2 survivors (2048K)
 Metaspace       used 58764K, committed 59328K, reserved 1114112K
  class space    used 7848K, committed 8064K, reserved 1048576K
}
Event: 14.232 GC heap after
{Heap after GC invocations=13 (full 0):
 garbage-first heap   total reserved 2072576K, committed 55296K, used 25600K [0x0000000081800000, 0x0000000100000000)
  region size 1024K, 4 young (4096K), 4 survivors (4096K)
 Metaspace       used 58764K, committed 59328K, reserved 1114112K
  class space    used 7848K, committed 8064K, reserved 1048576K
}
Event: 14.400 GC heap before
{Heap before GC invocations=13 (full 0):
 garbage-first heap   total reserved 2072576K, committed 55296K, used 30720K [0x0000000081800000, 0x0000000100000000)
  region size 1024K, 10 young (10240K), 4 survivors (4096K)
 Metaspace       used 60222K, committed 60800K, reserved 1114112K
  class space    used 8004K, committed 8256K, reserved 1048576K
}
Event: 14.412 GC heap after
{Heap after GC invocations=14 (full 0):
 garbage-first heap   total reserved 2072576K, committed 66560K, used 26177K [0x0000000081800000, 0x0000000100000000)
  region size 1024K, 1 young (1024K), 1 survivors (1024K)
 Metaspace       used 60222K, committed 60800K, reserved 1114112K
  class space    used 8004K, committed 8256K, reserved 1048576K
}

Dll operation events (12 events):
Event: 0.029 Loaded shared library C:\Users\bwana\.jdks\openjdk-22.0.2\bin\java.dll
Event: 0.031 Loaded shared library C:\Users\bwana\.jdks\openjdk-22.0.2\bin\zip.dll
Event: 0.106 Loaded shared library C:\Users\bwana\.jdks\openjdk-22.0.2\bin\jsvml.dll
Event: 0.558 Loaded shared library C:\Users\bwana\.jdks\openjdk-22.0.2\bin\instrument.dll
Event: 0.629 Loaded shared library C:\Users\bwana\.jdks\openjdk-22.0.2\bin\net.dll
Event: 0.631 Loaded shared library C:\Users\bwana\.jdks\openjdk-22.0.2\bin\nio.dll
Event: 0.642 Loaded shared library C:\Users\bwana\.jdks\openjdk-22.0.2\bin\zip.dll
Event: 1.056 Loaded shared library C:\Users\bwana\.jdks\openjdk-22.0.2\bin\jimage.dll
Event: 3.039 Loaded shared library C:\Users\bwana\.jdks\openjdk-22.0.2\bin\le.dll
Event: 4.327 Loaded shared library C:\Users\bwana\.jdks\openjdk-22.0.2\bin\sunmscapi.dll
Event: 8.035 Loaded shared library C:\Users\bwana\.jdks\openjdk-22.0.2\bin\verify.dll
Event: 8.746 Loaded shared library C:\Users\bwana\.jdks\openjdk-22.0.2\bin\extnet.dll

Deoptimization events (20 events):
Event: 14.957 Thread 0x00000178640e01a0 Uncommon trap: trap_request=0xfffffff4 fr.pc=0x000001787583ceb4 relative=0x00000000000002f4
Event: 14.957 Thread 0x00000178640e01a0 Uncommon trap: reason=null_check action=make_not_entrant pc=0x000001787583ceb4 method=org.springframework.util.ClassUtils.isAssignable(Ljava/lang/Class;Ljava/lang/Class;)Z @ 14 c2
Event: 14.957 Thread 0x00000178640e01a0 DEOPT PACKING pc=0x000001787583ceb4 sp=0x000000418b0fe580
Event: 14.957 Thread 0x00000178640e01a0 DEOPT UNPACKING pc=0x00000178751846a2 sp=0x000000418b0fe540 mode 2
Event: 14.967 Thread 0x00000178640e01a0 DEOPT PACKING pc=0x000001786e2fd95c sp=0x000000418b0fdc10
Event: 14.967 Thread 0x00000178640e01a0 DEOPT UNPACKING pc=0x0000017875184e42 sp=0x000000418b0fd188 mode 1
Event: 14.967 Thread 0x00000178640e01a0 DEOPT PACKING pc=0x000001786e2fd95c sp=0x000000418b0fdc80
Event: 14.967 Thread 0x00000178640e01a0 DEOPT UNPACKING pc=0x0000017875184e42 sp=0x000000418b0fd1f8 mode 1
Event: 14.967 Thread 0x00000178640e01a0 DEOPT PACKING pc=0x000001786e2fd95c sp=0x000000418b0fdc80
Event: 14.967 Thread 0x00000178640e01a0 DEOPT UNPACKING pc=0x0000017875184e42 sp=0x000000418b0fd1f8 mode 1
Event: 14.968 Thread 0x00000178640e01a0 DEOPT PACKING pc=0x000001786e2fd95c sp=0x000000418b0fdc80
Event: 14.968 Thread 0x00000178640e01a0 DEOPT UNPACKING pc=0x0000017875184e42 sp=0x000000418b0fd1f8 mode 1
Event: 14.968 Thread 0x00000178640e01a0 DEOPT PACKING pc=0x000001786e3d88ec sp=0x000000418b0fdba0
Event: 14.968 Thread 0x00000178640e01a0 DEOPT UNPACKING pc=0x0000017875184e42 sp=0x000000418b0fd0e0 mode 1
Event: 14.968 Thread 0x00000178640e01a0 DEOPT PACKING pc=0x000001786e5ae284 sp=0x000000418b0fdcc0
Event: 14.968 Thread 0x00000178640e01a0 DEOPT UNPACKING pc=0x0000017875184e42 sp=0x000000418b0fd218 mode 1
Event: 14.984 Thread 0x00000178640e01a0 DEOPT PACKING pc=0x000001786e2fd95c sp=0x000000418b0fd780
Event: 14.984 Thread 0x00000178640e01a0 DEOPT UNPACKING pc=0x0000017875184e42 sp=0x000000418b0fccf8 mode 1
Event: 14.988 Thread 0x00000178640e01a0 DEOPT PACKING pc=0x000001786e2fd95c sp=0x000000418b0fd780
Event: 14.988 Thread 0x00000178640e01a0 DEOPT UNPACKING pc=0x0000017875184e42 sp=0x000000418b0fccf8 mode 1

Classes loaded (20 events):
Event: 14.963 Loading class org/springframework/aot/hint/RuntimeHints
Event: 14.963 Loading class org/springframework/aot/hint/RuntimeHints done
Event: 14.968 Loading class org/springframework/core/convert/support/MapToMapConverter$MapEntry
Event: 14.968 Loading class org/springframework/core/convert/support/MapToMapConverter$MapEntry done
Event: 14.969 Loading class org/springframework/beans/factory/BeanFactory
Event: 14.969 Loading class org/springframework/beans/factory/BeanFactory done
Event: 14.969 Loading class org/springframework/beans/factory/BeanFactory
Event: 14.969 Loading class org/springframework/beans/factory/BeanFactory done
Event: 14.990 Loading class com/google/gson/internal/Excluder
Event: 14.990 Loading class com/google/gson/internal/Excluder done
Event: 14.990 Loading class com/google/gson/TypeAdapterFactory
Event: 14.990 Loading class com/google/gson/TypeAdapterFactory done
Event: 14.991 Loading class com/google/gson/TypeAdapter
Event: 14.991 Loading class com/google/gson/TypeAdapter done
Event: 14.992 Loading class com/google/gson/internal/Excluder$1
Event: 14.992 Loading class com/google/gson/internal/Excluder$1 done
Event: 14.992 Loading class com/google/gson/LongSerializationPolicy$1
Event: 14.992 Loading class com/google/gson/LongSerializationPolicy$1 done
Event: 14.993 Loading class com/google/gson/LongSerializationPolicy$2
Event: 14.993 Loading class com/google/gson/LongSerializationPolicy$2 done

Classes unloaded (0 events):
No events

Classes redefined (0 events):
No events

Internal exceptions (20 events):
Event: 12.577 Thread 0x00000178640e01a0 Exception <a 'java/lang/NoSuchMethodError'{0x0000000083ffc888}: 'java.lang.Object java.lang.invoke.Invokers$Holder.linkToTargetMethod(java.lang.Object, java.lang.Object, java.lang.Object, java.lang.Object, java.lang.Object, java.lang.Object, java.lang.Object, java.lang.Object, java.lang.Object, java.lang.Object, java.lang.Object, java.lang.Object)'> (0x0000000083ffc888) 
thrown [s\open\src\hotspot\share\interpreter\linkResolver.cpp, line 774]
Event: 12.651 Thread 0x00000178640e01a0 Exception <a 'java/lang/NoSuchMethodError'{0x0000000083dd86e8}: 'java.lang.Object java.lang.invoke.DirectMethodHandle$Holder.newInvokeSpecial(java.lang.Object, java.lang.Object, java.lang.Object, java.lang.Object, java.lang.Object, java.lang.Object)'> (0x0000000083dd86e8) 
thrown [s\open\src\hotspot\share\interpreter\linkResolver.cpp, line 774]
Event: 12.678 Thread 0x00000178640e01a0 Exception <a 'java/lang/NoSuchMethodError'{0x0000000083c6c2e0}: 'java.lang.Object java.lang.invoke.DirectMethodHandle$Holder.newInvokeSpecial(java.lang.Object, java.lang.Object, java.lang.Object, java.lang.Object, java.lang.Object, java.lang.Object, java.lang.Object, int)'> (0x0000000083c6c2e0) 
thrown [s\open\src\hotspot\share\interpreter\linkResolver.cpp, line 774]
Event: 12.679 Thread 0x00000178640e01a0 Exception <a 'java/lang/NoSuchMethodError'{0x0000000083c70870}: 'java.lang.Object java.lang.invoke.DirectMethodHandle$Holder.invokeSpecial(java.lang.Object, java.lang.Object, java.lang.Object, java.lang.Object, java.lang.Object, java.lang.Object, java.lang.Object, java.lang.Object, int)'> (0x0000000083c70870) 
thrown [s\open\src\hotspot\share\interpreter\linkResolver.cpp, line 774]
Event: 12.679 Thread 0x00000178640e01a0 Exception <a 'java/lang/NoSuchMethodError'{0x0000000083c74888}: 'java.lang.Object java.lang.invoke.Invokers$Holder.linkToTargetMethod(java.lang.Object, java.lang.Object, java.lang.Object, java.lang.Object, java.lang.Object, java.lang.Object, int, java.lang.Object)'> (0x0000000083c74888) 
thrown [s\open\src\hotspot\share\interpreter\linkResolver.cpp, line 774]
Event: 12.724 Thread 0x00000178640e01a0 Exception <a 'java/lang/NoSuchMethodError'{0x0000000083b6f618}: 'void java.lang.invoke.DirectMethodHandle$Holder.invokeInterface(java.lang.Object, java.lang.Object)'> (0x0000000083b6f618) 
thrown [s\open\src\hotspot\share\interpreter\linkResolver.cpp, line 774]
Event: 13.039 Thread 0x00000178640e01a0 Exception <a 'java/lang/NoSuchMethodError'{0x00000000836f07a8}: 'void java.lang.invoke.Invokers$Holder.invokeExact_MT(java.lang.Object, java.lang.Object, java.lang.Object, java.lang.Object)'> (0x00000000836f07a8) 
thrown [s\open\src\hotspot\share\interpreter\linkResolver.cpp, line 774]
Event: 13.088 Thread 0x00000178640e01a0 Implicit null exception at 0x000001787597f1eb to 0x000001787597f4a0
Event: 13.118 Thread 0x00000178640e01a0 Implicit null exception at 0x000001787597421a to 0x0000017875974258
Event: 13.181 Thread 0x00000178640e01a0 Exception <a 'java/lang/IncompatibleClassChangeError'{0x0000000085fcbf50}: Found class java.lang.Object, but interface was expected> (0x0000000085fcbf50) 
thrown [s\open\src\hotspot\share\interpreter\linkResolver.cpp, line 841]
Event: 13.209 Thread 0x00000178640e01a0 Exception <a 'java/lang/IncompatibleClassChangeError'{0x0000000085e58238}: Found class java.lang.Object, but interface was expected> (0x0000000085e58238) 
thrown [s\open\src\hotspot\share\interpreter\linkResolver.cpp, line 841]
Event: 13.297 Thread 0x00000178640e01a0 Exception <a 'java/lang/IncompatibleClassChangeError'{0x0000000085ded798}: Found class java.lang.Object, but interface was expected> (0x0000000085ded798) 
thrown [s\open\src\hotspot\share\interpreter\linkResolver.cpp, line 841]
Event: 13.325 Thread 0x00000178640e01a0 Exception <a 'java/lang/NoSuchMethodError'{0x0000000085c4d900}: 'java.lang.Object java.lang.invoke.DirectMethodHandle$Holder.invokeSpecialIFC(java.lang.Object, java.lang.Object, java.lang.Object)'> (0x0000000085c4d900) 
thrown [s\open\src\hotspot\share\interpreter\linkResolver.cpp, line 774]
Event: 13.686 Thread 0x00000178640e01a0 Exception <a 'java/lang/IncompatibleClassChangeError'{0x00000000840b2bf0}: Found class java.lang.Object, but interface was expected> (0x00000000840b2bf0) 
thrown [s\open\src\hotspot\share\interpreter\linkResolver.cpp, line 841]
Event: 13.870 Thread 0x00000178640e01a0 Exception <a 'java/lang/IncompatibleClassChangeError'{0x0000000083dc49a0}: Found class java.lang.Object, but interface was expected> (0x0000000083dc49a0) 
thrown [s\open\src\hotspot\share\interpreter\linkResolver.cpp, line 841]
Event: 14.553 Thread 0x00000178640e01a0 Implicit null exception at 0x00000178757696a3 to 0x0000017875769a6c
Event: 14.554 Thread 0x00000178640e01a0 Implicit null exception at 0x0000017875729ba3 to 0x0000017875729f48
Event: 14.733 Thread 0x00000178640e01a0 Exception <a 'java/lang/IncompatibleClassChangeError'{0x0000000084f03b58}: Found class java.lang.Object, but interface was expected> (0x0000000084f03b58) 
thrown [s\open\src\hotspot\share\interpreter\linkResolver.cpp, line 841]
Event: 14.920 Thread 0x00000178640e01a0 Exception <a 'java/lang/NoSuchMethodError'{0x0000000084b169d0}: 'java.lang.Object java.lang.invoke.DirectMethodHandle$Holder.invokeVirtual(java.lang.Object, java.lang.Object, java.lang.Object, java.lang.Object, java.lang.Object, java.lang.Object)'> (0x0000000084b169d0) 
thrown [s\open\src\hotspot\share\interpreter\linkResolver.cpp, line 774]
Event: 14.957 Thread 0x00000178640e01a0 Implicit null exception at 0x000001787583cbe8 to 0x000001787583cea0

ZGC Phase Switch (0 events):
No events

VM Operations (20 events):
Event: 13.559 Executing VM operation: HandshakeAllThreads (Deoptimize)
Event: 13.559 Executing VM operation: HandshakeAllThreads (Deoptimize) done
Event: 13.717 Executing VM operation: HandshakeAllThreads (Deoptimize)
Event: 13.717 Executing VM operation: HandshakeAllThreads (Deoptimize) done
Event: 13.718 Executing VM operation: HandshakeAllThreads (Deoptimize)
Event: 13.718 Executing VM operation: HandshakeAllThreads (Deoptimize) done
Event: 14.006 Executing VM operation: ICBufferFull
Event: 14.006 Executing VM operation: ICBufferFull done
Event: 14.218 Executing VM operation: G1CollectForAllocation (G1 Evacuation Pause)
Event: 14.232 Executing VM operation: G1CollectForAllocation (G1 Evacuation Pause) done
Event: 14.400 Executing VM operation: CollectForMetadataAllocation (Metadata GC Threshold)
Event: 14.412 Executing VM operation: CollectForMetadataAllocation (Metadata GC Threshold) done
Event: 14.447 Executing VM operation: CollectForMetadataAllocation (Metadata GC Threshold)
Event: 14.447 Executing VM operation: CollectForMetadataAllocation (Metadata GC Threshold) done
Event: 14.473 Executing VM operation: G1PauseRemark
Event: 14.483 Executing VM operation: G1PauseRemark done
Event: 14.505 Executing VM operation: G1PauseCleanup
Event: 14.505 Executing VM operation: G1PauseCleanup done
Event: 14.520 Executing VM operation: HandshakeAllThreads (Deoptimize)
Event: 14.520 Executing VM operation: HandshakeAllThreads (Deoptimize) done

Memory protections (0 events):
No events

Nmethod flushes (20 events):
Event: 14.481 Thread 0x00000178021989f0 flushing  nmethod 0x000001786e1db310
Event: 14.481 Thread 0x00000178021989f0 flushing  nmethod 0x000001786e1f6790
Event: 14.481 Thread 0x00000178021989f0 flushing  nmethod 0x000001786e260290
Event: 14.481 Thread 0x00000178021989f0 flushing  nmethod 0x000001786e2acd10
Event: 14.481 Thread 0x00000178021989f0 flushing  nmethod 0x000001786e2aee90
Event: 14.481 Thread 0x00000178021989f0 flushing  nmethod 0x000001786e2c4f10
Event: 14.481 Thread 0x00000178021989f0 flushing  nmethod 0x000001786e2dfe90
Event: 14.481 Thread 0x00000178021989f0 flushing  nmethod 0x000001786e2e7c90
Event: 14.481 Thread 0x00000178021989f0 flushing  nmethod 0x000001786e2e9110
Event: 14.481 Thread 0x00000178021989f0 flushing  nmethod 0x000001786e2eb010
Event: 14.481 Thread 0x00000178021989f0 flushing  nmethod 0x000001786e2f9210
Event: 14.481 Thread 0x00000178021989f0 flushing  nmethod 0x000001786e314310
Event: 14.481 Thread 0x00000178021989f0 flushing  nmethod 0x000001786e316d10
Event: 14.481 Thread 0x00000178021989f0 flushing  nmethod 0x000001786e31e890
Event: 14.481 Thread 0x00000178021989f0 flushing  nmethod 0x000001786e35a390
Event: 14.481 Thread 0x00000178021989f0 flushing  nmethod 0x000001786e382510
Event: 14.481 Thread 0x00000178021989f0 flushing  nmethod 0x000001786e382d10
Event: 14.481 Thread 0x00000178021989f0 flushing  nmethod 0x000001786e3d3190
Event: 14.481 Thread 0x00000178021989f0 flushing  nmethod 0x000001786e3fa210
Event: 14.481 Thread 0x00000178021989f0 flushing  nmethod 0x000001786e40b790

Events (20 events):
Event: 1.206 Thread 0x00000178021c1fb0 Thread added: 0x0000017802d03f80
Event: 1.830 Thread 0x0000017802d03f80 Thread exited: 0x0000017802d03f80
Event: 2.984 Thread 0x00000178640e01a0 Thread added: 0x00000178488a5ef0
Event: 3.222 Thread 0x00000178021c32d0 Thread added: 0x0000017848a93640
Event: 4.136 Thread 0x00000178640e01a0 Thread added: 0x0000017848e01060
Event: 4.322 Thread 0x0000017848e01060 Thread exited: 0x0000017848e01060
Event: 4.337 Thread 0x00000178488a5ef0 Thread exited: 0x00000178488a5ef0
Event: 5.334 Thread 0x0000017848a93640 Thread exited: 0x0000017848a93640
Event: 5.851 Thread 0x00000178021c32d0 Thread added: 0x000001784828dbc0
Event: 6.920 Thread 0x00000178640e01a0 Thread added: 0x000001784ac325b0
Event: 7.943 Thread 0x000001784828dbc0 Thread exited: 0x000001784828dbc0
Event: 8.873 Thread 0x00000178021c32d0 Thread added: 0x000001780280d020
Event: 8.988 Thread 0x000001780280d020 Thread exited: 0x000001780280d020
Event: 9.194 Thread 0x00000178021c32d0 Thread added: 0x000001780259ac80
Event: 9.538 Thread 0x00000178640e01a0 Thread added: 0x00000178026dbae0
Event: 9.650 Thread 0x00000178026dbae0 Thread added: 0x0000017848bb92d0
Event: 12.644 Thread 0x000001780259ac80 Thread exited: 0x000001780259ac80
Event: 13.084 Thread 0x00000178021c32d0 Thread added: 0x000001784a7862f0
Event: 14.232 Thread 0x000001784a7862f0 Thread exited: 0x000001784a7862f0
Event: 14.648 Thread 0x00000178021c32d0 Thread added: 0x0000017848d17010


Dynamic libraries:
0x00007ff7e5290000 - 0x00007ff7e529e000 	C:\Users\bwana\.jdks\openjdk-22.0.2\bin\java.exe
0x00007ff98ac70000 - 0x00007ff98ae68000 	C:\WINDOWS\SYSTEM32\ntdll.dll
0x00007ff98a5b0000 - 0x00007ff98a672000 	C:\WINDOWS\System32\KERNEL32.DLL
0x00007ff988380000 - 0x00007ff988676000 	C:\WINDOWS\System32\KERNELBASE.dll
0x00007ff988820000 - 0x00007ff988920000 	C:\WINDOWS\System32\ucrtbase.dll
0x00007ff970770000 - 0x00007ff970787000 	C:\Users\bwana\.jdks\openjdk-22.0.2\bin\jli.dll
0x00007ff989970000 - 0x00007ff989b0d000 	C:\WINDOWS\System32\USER32.dll
0x00007ff988300000 - 0x00007ff988322000 	C:\WINDOWS\System32\win32u.dll
0x00007ff98a330000 - 0x00007ff98a35b000 	C:\WINDOWS\System32\GDI32.dll
0x00007ff988700000 - 0x00007ff988819000 	C:\WINDOWS\System32\gdi32full.dll
0x00007ff988a00000 - 0x00007ff988a9d000 	C:\WINDOWS\System32\msvcp_win.dll
0x00007ff972440000 - 0x00007ff97245b000 	C:\Users\bwana\.jdks\openjdk-22.0.2\bin\VCRUNTIME140.dll
0x00007ff97aa90000 - 0x00007ff97ad2a000 	C:\WINDOWS\WinSxS\amd64_microsoft.windows.common-controls_6595b64144ccf1df_6.0.19041.5915_none_60b4b9d171f9c7c7\COMCTL32.dll
0x00007ff9898d0000 - 0x00007ff98996e000 	C:\WINDOWS\System32\msvcrt.dll
0x00007ff98a250000 - 0x00007ff98a27f000 	C:\WINDOWS\System32\IMM32.DLL
0x00007ff976020000 - 0x00007ff97602c000 	C:\Users\bwana\.jdks\openjdk-22.0.2\bin\vcruntime140_1.dll
0x00007ff960d00000 - 0x00007ff960d8e000 	C:\Users\bwana\.jdks\openjdk-22.0.2\bin\msvcp140.dll
0x00007ff956770000 - 0x00007ff9574b9000 	C:\Users\bwana\.jdks\openjdk-22.0.2\bin\server\jvm.dll
0x00007ff989810000 - 0x00007ff9898c1000 	C:\WINDOWS\System32\ADVAPI32.dll
0x00007ff98a360000 - 0x00007ff98a3ff000 	C:\WINDOWS\System32\sechost.dll
0x00007ff988e90000 - 0x00007ff988fb3000 	C:\WINDOWS\System32\RPCRT4.dll
0x00007ff988920000 - 0x00007ff988947000 	C:\WINDOWS\System32\bcrypt.dll
0x00007ff988fc0000 - 0x00007ff98902b000 	C:\WINDOWS\System32\WS2_32.dll
0x00007ff987840000 - 0x00007ff98788b000 	C:\WINDOWS\SYSTEM32\POWRPROF.dll
0x00007ff97e650000 - 0x00007ff97e677000 	C:\WINDOWS\SYSTEM32\WINMM.dll
0x00007ff97bc70000 - 0x00007ff97bc7a000 	C:\WINDOWS\SYSTEM32\VERSION.dll
0x00007ff987700000 - 0x00007ff987712000 	C:\WINDOWS\SYSTEM32\UMPDC.dll
0x00007ff986180000 - 0x00007ff986192000 	C:\WINDOWS\SYSTEM32\kernel.appcore.dll
0x00007ff974cc0000 - 0x00007ff974cca000 	C:\Users\bwana\.jdks\openjdk-22.0.2\bin\jimage.dll
0x00007ff97bca0000 - 0x00007ff97bea1000 	C:\WINDOWS\SYSTEM32\DBGHELP.DLL
0x00007ff97c260000 - 0x00007ff97c294000 	C:\WINDOWS\SYSTEM32\dbgcore.DLL
0x00007ff988c00000 - 0x00007ff988c82000 	C:\WINDOWS\System32\bcryptPrimitives.dll
0x00007ff95a2c0000 - 0x00007ff95a2fc000 	C:\Users\bwana\.jdks\openjdk-22.0.2\bin\jdwp.dll
0x00007ff96dad0000 - 0x00007ff96dadf000 	C:\Users\bwana\.jdks\openjdk-22.0.2\bin\instrument.dll
0x00007ff970750000 - 0x00007ff97076e000 	C:\Users\bwana\.jdks\openjdk-22.0.2\bin\java.dll
0x00007ff989030000 - 0x00007ff98979e000 	C:\WINDOWS\System32\SHELL32.dll
0x00007ff989b10000 - 0x00007ff989c3b000 	C:\WINDOWS\System32\ole32.dll
0x00007ff989c40000 - 0x00007ff989f93000 	C:\WINDOWS\System32\combase.dll
0x00007ff96c630000 - 0x00007ff96c647000 	C:\Users\bwana\.jdks\openjdk-22.0.2\bin\zip.dll
0x00007ff986380000 - 0x00007ff986b24000 	C:\WINDOWS\SYSTEM32\windows.storage.dll
0x00007ff987d30000 - 0x00007ff987d5b000 	C:\WINDOWS\SYSTEM32\Wldp.dll
0x00007ff98ab50000 - 0x00007ff98ac1d000 	C:\WINDOWS\System32\OLEAUT32.dll
0x00007ff98a280000 - 0x00007ff98a32d000 	C:\WINDOWS\System32\SHCORE.dll
0x00007ff9897b0000 - 0x00007ff98980b000 	C:\WINDOWS\System32\shlwapi.dll
0x00007ff988230000 - 0x00007ff988255000 	C:\WINDOWS\SYSTEM32\profapi.dll
0x00007ff960c20000 - 0x00007ff960cf7000 	C:\Users\bwana\.jdks\openjdk-22.0.2\bin\jsvml.dll
0x00007ff96ca30000 - 0x00007ff96ca3c000 	C:\Users\bwana\.jdks\openjdk-22.0.2\bin\dt_socket.dll
0x00007ff987720000 - 0x00007ff98775b000 	C:\WINDOWS\SYSTEM32\IPHLPAPI.DLL
0x00007ff987a90000 - 0x00007ff987afa000 	C:\WINDOWS\system32\mswsock.dll
0x00007ff9724f0000 - 0x00007ff972500000 	C:\Users\bwana\.jdks\openjdk-22.0.2\bin\net.dll
0x00007ff96c650000 - 0x00007ff96c666000 	C:\Users\bwana\.jdks\openjdk-22.0.2\bin\nio.dll
0x00007ff96c540000 - 0x00007ff96c54b000 	C:\Users\bwana\.jdks\openjdk-22.0.2\bin\le.dll
0x00007ff96eb50000 - 0x00007ff96eb5e000 	C:\Users\bwana\.jdks\openjdk-22.0.2\bin\sunmscapi.dll
0x00007ff988aa0000 - 0x00007ff988bfd000 	C:\WINDOWS\System32\CRYPT32.dll
0x00007ff987da0000 - 0x00007ff987dc7000 	C:\WINDOWS\SYSTEM32\ncrypt.dll
0x00007ff987d60000 - 0x00007ff987d9b000 	C:\WINDOWS\SYSTEM32\NTASN1.dll
0x00007ff987c90000 - 0x00007ff987ca8000 	C:\WINDOWS\SYSTEM32\CRYPTSP.dll
0x00007ff987340000 - 0x00007ff987378000 	C:\WINDOWS\system32\rsaenh.dll
0x00007ff9881f0000 - 0x00007ff98821e000 	C:\WINDOWS\SYSTEM32\USERENV.dll
0x00007ff987c80000 - 0x00007ff987c8c000 	C:\WINDOWS\SYSTEM32\CRYPTBASE.dll
0x00007ff989fa0000 - 0x00007ff989fa8000 	C:\WINDOWS\System32\NSI.dll
0x00007ff970370000 - 0x00007ff970380000 	C:\Users\bwana\.jdks\openjdk-22.0.2\bin\verify.dll
0x00007ff987770000 - 0x00007ff98783a000 	C:\WINDOWS\SYSTEM32\DNSAPI.dll
0x00007ff97d630000 - 0x00007ff97d63a000 	C:\Windows\System32\rasadhlp.dll
0x00007ff97e810000 - 0x00007ff97e890000 	C:\WINDOWS\System32\fwpuclnt.dll
0x00007ff972430000 - 0x00007ff972439000 	C:\Users\bwana\.jdks\openjdk-22.0.2\bin\extnet.dll

dbghelp: loaded successfully - version: 4.0.5 - missing functions: none
symbol engine: initialized successfully - sym options: 0x614 - pdb path: .;C:\Users\bwana\.jdks\openjdk-22.0.2\bin;C:\WINDOWS\SYSTEM32;C:\WINDOWS\WinSxS\amd64_microsoft.windows.common-controls_6595b64144ccf1df_6.0.19041.5915_none_60b4b9d171f9c7c7;C:\Users\bwana\.jdks\openjdk-22.0.2\bin\server

VM Arguments:
jvm_args: -agentlib:jdwp=transport=dt_socket,address=127.0.0.1:64678,suspend=y,server=n -javaagent:C:\Users\bwana\AppData\Local\JetBrains\IdeaIC2024.2\captureAgent\debugger-agent.jar=file:/C:/Users/bwana/AppData/Local/Temp/capture.props -Dkotlinx.coroutines.debug.enable.creation.stack.trace=false -Ddebugger.agent.enable.coroutines=true -Dfile.encoding=UTF-8 -Dsun.stdout.encoding=UTF-8 -Dsun.stderr.encoding=UTF-8 
java_command: essay.essay.EssayApplication
java_class_path (initial): C:\Users\bwana\Downloads\essay\target\classes;C:\Users\bwana\.m2\repository\org\springframework\boot\spring-boot-starter-data-jpa\3.3.13\spring-boot-starter-data-jpa-3.3.13.jar;C:\Users\bwana\.m2\repository\org\springframework\boot\spring-boot-starter-aop\3.3.13\spring-boot-starter-aop-3.3.13.jar;C:\Users\bwana\.m2\repository\org\springframework\spring-aop\6.1.21\spring-aop-6.1.21.jar;C:\Users\bwana\.m2\repository\org\aspectj\aspectjweaver\1.9.24\aspectjweaver-1.9.24.jar;C:\Users\bwana\.m2\repository\org\springframework\boot\spring-boot-starter-jdbc\3.3.13\spring-boot-starter-jdbc-3.3.13.jar;C:\Users\bwana\.m2\repository\com\zaxxer\HikariCP\5.1.0\HikariCP-5.1.0.jar;C:\Users\bwana\.m2\repository\org\springframework\spring-jdbc\6.1.21\spring-jdbc-6.1.21.jar;C:\Users\bwana\.m2\repository\org\springframework\data\spring-data-jpa\3.3.13\spring-data-jpa-3.3.13.jar;C:\Users\bwana\.m2\repository\org\springframework\data\spring-data-commons\3.3.13\spring-data-commons-3.3.13.jar;C:\Users\bwana\.m2\repository\org\springframework\spring-orm\6.1.21\spring-orm-6.1.21.jar;C:\Users\bwana\.m2\repository\org\springframework\spring-context\6.1.21\spring-context-6.1.21.jar;C:\Users\bwana\.m2\repository\org\springframework\spring-tx\6.1.21\spring-tx-6.1.21.jar;C:\Users\bwana\.m2\repository\jakarta\annotation\jakarta.annotation-api\2.1.1\jakarta.annotation-api-2.1.1.jar;C:\Users\bwana\.m2\repository\org\springframework\spring-aspects\6.1.21\spring-aspects-6.1.21.jar;C:\Users\bwana\.m2\repository\org\springframework\boot\spring-boot-starter-web\3.3.13\spring-boot-starter-web-3.3.13.jar;C:\Users\bwana\.m2\repository\org\springframework\boot\spring-boot-starter\3.3.13\spring-boot-starter-3.3.13.jar;C:\Users\bwana\.m2\repository\org\springframework\boot\spring-boot\3.3.13\spring-boot-3.3.13.jar;C:\Users\bwana\.m2\repository\org\springframework\boot\spring-boot-autoconfigure\3.3.13\spring-boot-autoconfigure-3.3.13.jar;C:\Users\bwana\.m2\repository\org\springframework\boot\spring-boot-starter-logging\3.3.13\spring-boot-starter-logging-3.3.13.jar;C:\Users\bwana\.m2\repository\ch\qos\logback\logback-classic\1.5.18\logback-classic-1.5.18.jar;C:\Users\bwana\.m2\repository\ch\qos\logback\logback-core\1.5.18\logback-core-1.5.18.jar;C:\Users\bwana\.m2\repository\org\apache\logging\log4j\log4j-to-slf4j\2.23.1\log4j-to-slf4j-2.23.1.jar;C:\Users\bwana\.m2\repository\org\apache\logging\log4j\log4j-api\2.23.1\log4j-api-2.23.1.jar;C:\Users\bwana\.m2\repository\org\slf4j\jul-to-slf4j\2.0.17\jul-to-slf4j-2.0.17.jar;C:\Users\bwana\.m2\repository\org\yaml\snakeyaml\2.2\snakeyaml-2.2.jar;C:\Users\bwana\.m2\repository\org\springframework\boot\spring-boot-starter-json\3.3.13\spring-boot-starter-json-3.3.13.jar;C:\Users\bwana\.m2\repository\com\fasterxml\jackson\datatype\jackson-datatype-jdk8\2.17.3\jackson-datatype-jdk8-2.17.3.jar;C:\Users\bwana\.m2\repository\com\fasterxml\jackson\datatype\jackson-datatype-jsr310\2.17.3\jackson-datatype-jsr310-2.17.3.jar;C:\Users\bwana\.m2\repository\com\fasterxml\jackson\module\jackson-module-parameter-names\2.17.3\jackson-module-parameter-names-2.17.3.jar;C:\Users\bwana\.m2\repository\org\springframework\boot\spring-boot-starter-tomcat\3.3.13\spring-boot-starter-tomcat-3.3.13.jar;C:\Users\bwana\.m2\repository\org\apache\tomcat\embed\tomcat-embed-el\10.1.42\tomcat-embed-el-10.1.42.jar;C:\Users\bwana\.m2\repository\org\apache\tomcat\embed\tomcat-embed-websocket\10.1.42\tomcat-embed-websocket-10.1.42.jar;C:\Users\bwana\.m2\repository\org\springframework\spring-webmvc\6.1.21\spring-webmvc-6.1.21.jar;C:\Users\bwana\.m2\repository\org\springframework\spring-expression\6.1.21\spring-expression-6.1.21.jar;C:\Users\bwana\.m2\repository\com\mysql\mysql-connector-j\8.3.0\mysql-connector-j-8.3.0.jar;C:\Users\bwana\.m2\repository\io\jsonwebtoken\jjwt-api\0.11.5\jjwt-api-0.11.5.jar;C:\Users\bwana\.m2\repository\io\jsonwebtoken\jjwt-impl\0.11.5\jjwt-impl-0.11.5.jar;C:\Users\bwana\.m2\repository\commons-fileupload\commons-fileupload\1.5\commons-fileupload-1.5.jar;C:\Users\bwana\.m2\repository\commons-io\commons-io\2.11.0\commons-io-2.11.0.jar;C:\Users\bwana\.m2\repository\io\jsonwebtoken\jjwt-jackson\0.11.5\jjwt-jackson-0.11.5.jar;C:\Users\bwana\.m2\repository\com\fasterxml\jackson\core\jackson-databind\2.17.3\jackson-databind-2.17.3.jar;C:\Users\bwana\.m2\repository\com\fasterxml\jackson\core\jackson-annotations\2.17.3\jackson-annotations-2.17.3.jar;C:\Users\bwana\.m2\repository\com\google\cloud\google-cloud-storage\2.53.2\google-cloud-storage-2.53.2.jar;C:\Users\bwana\.m2\repository\com\google\guava\guava\33.4.0-jre\guava-33.4.0-jre.jar;C:\Users\bwana\.m2\repository\com\google\guava\failureaccess\1.0.2\failureaccess-1.0.2.jar;C:\Users\bwana\.m2\repository\com\google\guava\listenablefuture\9999.0-empty-to-avoid-conflict-with-guava\listenablefuture-9999.0-empty-to-avoid-conflict-with-guava.jar;C:\Users\bwana\.m2\repository\com\google\errorprone\error_prone_annotations\2.38.0\error_prone_annotations-2.38.0.jar;C:\Users\bwana\.m2\repository\com\google\j2objc\j2objc-annotations\3.0.0\j2objc-annotations-3.0.0.jar;C:\Users\bwana\.m2\repository\com\google\http-client\google-http-client\1.47.1\google-http-client-1.47.1.jar;C:\Users\bwana\.m2\repository\io\grpc\grpc-context\1.71.0\grpc-context-1.71.0.jar;C:\Users\bwana\.m2\repository\io\opencensus\opencensus-contrib-http-util\0.31.1\opencensus-contrib-http-util-0.31.1.jar;C:\Users\bwana\.m2\repository\com\google\http-client\google-http-client-jackson2\1.47.1\google-http-client-jackson2-1.47.1.jar;C:\Users\bwana\.m2\repository\com\google\http-client\google-http-client-gson\1.47.1\google-http-client-gson-1.47.1.jar;C:\Users\bwana\.m2\repository\com\google\api-client\google-api-client\2.7.2\google-api-client-2.7.2.jar;C:\Users\bwana\.m2\repository\commons-codec\commons-codec\1.16.1\commons-codec-1.16.1.jar;C:\Users\bwana\.m2\repository\com\google\oauth-client\google-oauth-client\1.39.0\google-oauth-client-1.39.0.jar;C:\Users\bwana\.m2\repository\com\google\http-client\google-http-client-apache-v2\1.47.1\google-http-client-apache-v2-1.47.1.jar;C:\Users\bwana\.m2\repository\com\google\apis\google-api-services-storage\v1-rev20250605-2.0.0\google-api-services-storage-v1-rev20250605-2.0.0.jar;C:\Users\bwana\.m2\repository\com\google\code\gson\gson\2.10.1\gson-2.10.1.jar;C:\Users\bwana\.m2\repository\com\google\cloud\google-cloud-core\2.58.0\google-cloud-core-2.58.0.jar;C:\Users\bwana\.m2\repository\com\google\auto\value\auto-value-annotations\1.11.0\auto-value-annotations-1.11.0.jar;C:\Users\bwana\.m2\repository\com\google\cloud\google-cloud-core-http\2.58.0\google-cloud-core-http-2.58.0.jar;C:\Users\bwana\.m2\repository\com\google\http-client\google-http-client-appengine\1.47.1\google-http-client-appengine-1.47.1.jar;C:\Users\bwana\.m2\repository\com\google\api\gax-httpjson\2.68.0\gax-httpjson-2.68.0.jar;C:\Users\bwana\.m2\repository\com\google\cloud\google-cloud-core-grpc\2.58.0\google-cloud-core-grpc-2.58.0.jar;C:\Users\bwana\.m2\repository\com\google\api\gax\2.68.0\gax-2.68.0.jar;C:\Users\bwana\.m2\repository\com\google\api\gax-grpc\2.68.0\gax-grpc-2.68.0.jar;C:\Users\bwana\.m2\repository\io\grpc\grpc-inprocess\1.71.0\grpc-inprocess-1.71.0.jar;C:\Users\bwana\.m2\repository\io\grpc\grpc-alts\1.71.0\grpc-alts-1.71.0.jar;C:\Users\bwana\.m2\repository\io\grpc\grpc-grpclb\1.71.0\grpc-grpclb-1.71.0.jar;C:\Users\bwana\.m2\repository\org\conscrypt\conscrypt-openjdk-uber\2.5.2\conscrypt-openjdk-uber-2.5.2.jar;C:\Users\bwana\.m2\repository\io\grpc\grpc-auth\1.71.0\grpc-auth-1.71.0.jar;C:\Users\bwana\.m2\repository\com\google\auth\google-auth-library-credentials\1.37.1\google-auth-library-credentials-1.37.1.jar;C:\Users\bwana\.m2\repository\com\google\auth\google-auth-library-oauth2-http\1.37.1\google-auth-library-oauth2-http-1.37.1.jar;C:\Users\bwana\.m2\repository\com\google\api\api-common\2.51.0\api-common-2.51.0.jar;C:\Users\bwana\.m2\repository\javax\annotation\javax.annotation-api\1.3.2\javax.annotation-api-1.3.2.jar;C:\Users\bwana\.m2\repository\io\opencensus\opencensus-api\0.31.1\opencensus-api-0.31.1.jar;C:\Users\bwana\.m2\repository\io\opentelemetry\opentelemetry-context\1.38.0\opentelemetry-context-1.38.0.jar;C:\Users\bwana\.m2\repository\com\google\api\grpc\proto-google-iam-v1\1.54.0\proto-google-iam-v1-1.54.0.jar;C:\Users\bwana\.m2\repository\com\google\protobuf\protobuf-java\3.25.8\protobuf-java-3.25.8.jar;C:\Users\bwana\.m2\repository\com\google\protobuf\protobuf-java-util\3.25.8\protobuf-java-util-3.25.8.jar;C:\Users\bwana\.m2\repository\io\grpc\grpc-core\1.71.0\grpc-core-1.71.0.jar;C:\Users\bwana\.m2\repository\com\google\android\annotations\4.1.1.4\annotations-4.1.1.4.jar;C:\Users\bwana\.m2\repository\org\codehaus\mojo\animal-sniffer-annotations\1.24\animal-sniffer-annotations-1.24.jar;C:\Users\bwana\.m2\repository\io\perfmark\perfmark-api\0.27.0\perfmark-api-0.27.0.jar;C:\Users\bwana\.m2\repository\io\grpc\grpc-protobuf\1.71.0\grpc-protobuf-1.71.0.jar;C:\Users\bwana\.m2\repository\io\grpc\grpc-protobuf-lite\1.71.0\grpc-protobuf-lite-1.71.0.jar;C:\Users\bwana\.m2\repository\com\google\api\grpc\proto-google-common-protos\2.59.0\proto-google-common-protos-2.59.0.jar;C:\Users\bwana\.m2\repository\org\threeten\threetenbp\1.7.0\threetenbp-1.7.0.jar;C:\Users\bwana\.m2\repository\com\google\api\grpc\proto-google-cloud-storage-v2\2.53.2\proto-google-cloud-storage-v2-2.53.2.jar;C:\Users\bwana\.m2\repository\com\google\api\grpc\grpc-google-cloud-storage-v2\2.53.2\grpc-google-cloud-storage-v2-2.53.2.jar;C:\Users\bwana\.m2\repository\com\google\api\grpc\gapic-google-cloud-storage-v2\2.53.2\gapic-google-cloud-storage-v2-2.53.2.jar;C:\Users\bwana\.m2\repository\io\opentelemetry\opentelemetry-sdk\1.38.0\opentelemetry-sdk-1.38.0.jar;C:\Users\bwana\.m2\repository\io\opentelemetry\opentelemetry-sdk-trace\1.38.0\opentelemetry-sdk-trace-1.38.0.jar;C:\Users\bwana\.m2\repository\io\opentelemetry\opentelemetry-sdk-logs\1.38.0\opentelemetry-sdk-logs-1.38.0.jar;C:\Users\bwana\.m2\repository\io\opentelemetry\opentelemetry-api-incubator\1.38.0-alpha\opentelemetry-api-incubator-1.38.0-alpha.jar;C:\Users\bwana\.m2\repository\io\grpc\grpc-opentelemetry\1.71.0\grpc-opentelemetry-1.71.0.jar;C:\Users\bwana\.m2\repository\io\opentelemetry\opentelemetry-api\1.38.0\opentelemetry-api-1.38.0.jar;C:\Users\bwana\.m2\repository\io\opentelemetry\opentelemetry-sdk-metrics\1.38.0\opentelemetry-sdk-metrics-1.38.0.jar;C:\Users\bwana\.m2\repository\io\opentelemetry\opentelemetry-sdk-common\1.38.0\opentelemetry-sdk-common-1.38.0.jar;C:\Users\bwana\.m2\repository\io\opentelemetry\opentelemetry-sdk-extension-autoconfigure-spi\1.38.0\opentelemetry-sdk-extension-autoconfigure-spi-1.38.0.jar;C:\Users\bwana\.m2\repository\io\opentelemetry\semconv\opentelemetry-semconv\1.29.0-alpha\opentelemetry-semconv-1.29.0-alpha.jar;C:\Users\bwana\.m2\repository\com\google\cloud\opentelemetry\exporter-metrics\0.33.0\exporter-metrics-0.33.0.jar;C:\Users\bwana\.m2\repository\org\slf4j\slf4j-api\2.0.17\slf4j-api-2.0.17.jar;C:\Users\bwana\.m2\repository\com\google\cloud\google-cloud-monitoring\3.52.0\google-cloud-monitoring-3.52.0.jar;C:\Users\bwana\.m2\repository\com\google\api\grpc\proto-google-cloud-monitoring-v3\3.52.0\proto-google-cloud-monitoring-v3-3.52.0.jar;C:\Users\bwana\.m2\repository\com\google\cloud\opentelemetry\shared-resourcemapping\0.33.0\shared-resourcemapping-0.33.0.jar;C:\Users\bwana\.m2\repository\io\opentelemetry\contrib\opentelemetry-gcp-resources\1.37.0-alpha\opentelemetry-gcp-resources-1.37.0-alpha.jar;C:\Users\bwana\.m2\repository\com\google\cloud\opentelemetry\detector-resources-support\0.33.0\detector-resources-support-0.33.0.jar;C:\Users\bwana\.m2\repository\org\checkerframework\checker-qual\3.49.0\checker-qual-3.49.0.jar;C:\Users\bwana\.m2\repository\com\fasterxml\jackson\core\jackson-core\2.17.3\jackson-core-2.17.3.jar;C:\Users\bwana\.m2\repository\com\google\code\findbugs\jsr305\3.0.2\jsr305-3.0.2.jar;C:\Users\bwana\.m2\repository\io\grpc\grpc-api\1.71.0\grpc-api-1.71.0.jar;C:\Users\bwana\.m2\repository\io\grpc\grpc-netty-shaded\1.71.0\grpc-netty-shaded-1.71.0.jar;C:\Users\bwana\.m2\repository\io\grpc\grpc-util\1.71.0\grpc-util-1.71.0.jar;C:\Users\bwana\.m2\repository\io\grpc\grpc-stub\1.71.0\grpc-stub-1.71.0.jar;C:\Users\bwana\.m2\repository\io\grpc\grpc-googleapis\1.71.0\grpc-googleapis-1.71.0.jar;C:\Users\bwana\.m2\repository\io\grpc\grpc-xds\1.71.0\grpc-xds-1.71.0.jar;C:\Users\bwana\.m2\repository\io\grpc\grpc-services\1.71.0\grpc-services-1.71.0.jar;C:\Users\bwana\.m2\repository\com\google\re2j\re2j\1.8\re2j-1.8.jar;C:\Users\bwana\.m2\repository\io\grpc\grpc-rls\1.71.0\grpc-rls-1.71.0.jar;C:\Users\bwana\.m2\repository\jakarta\xml\bind\jakarta.xml.bind-api\4.0.0\jakarta.xml.bind-api-4.0.0.jar;C:\Users\bwana\.m2\repository\jakarta\activation\jakarta.activation-api\2.1.3\jakarta.activation-api-2.1.3.jar;C:\Users\bwana\.m2\repository\org\glassfish\jaxb\jaxb-runtime\4.0.0\jaxb-runtime-4.0.0.jar;C:\Users\bwana\.m2\repository\org\glassfish\jaxb\jaxb-core\4.0.5\jaxb-core-4.0.5.jar;C:\Users\bwana\.m2\repository\org\eclipse\angus\angus-activation\2.0.2\angus-activation-2.0.2.jar;C:\Users\bwana\.m2\repository\org\glassfish\jaxb\txw2\4.0.5\txw2-4.0.5.jar;C:\Users\bwana\.m2\repository\com\sun\istack\istack-commons-runtime\4.1.2\istack-commons-runtime-4.1.2.jar;C:\Users\bwana\.m2\repository\org\springframework\spring-core\6.1.21\spring-core-6.1.21.jar;C:\Users\bwana\.m2\repository\org\springframework\spring-jcl\6.1.21\spring-jcl-6.1.21.jar;C:\Users\bwana\.m2\repository\io\micrometer\micrometer-observation\1.13.15\micrometer-observation-1.13.15.jar;C:\Users\bwana\.m2\repository\io\micrometer\micrometer-commons\1.13.15\micrometer-commons-1.13.15.jar;C:\Users\bwana\.m2\repository\org\hibernate\orm\hibernate-core\6.4.1.Final\hibernate-core-6.4.1.Final.jar;C:\Users\bwana\.m2\repository\jakarta\persistence\jakarta.persistence-api\3.1.0\jakarta.persistence-api-3.1.0.jar;C:\Users\bwana\.m2\repository\jakarta\transaction\jakarta.transaction-api\2.0.1\jakarta.transaction-api-2.0.1.jar;C:\Users\bwana\.m2\repository\org\jboss\logging\jboss-logging\3.5.3.Final\jboss-logging-3.5.3.Final.jar;C:\Users\bwana\.m2\repository\org\hibernate\common\hibernate-commons-annotations\6.0.6.Final\hibernate-commons-annotations-6.0.6.Final.jar;C:\Users\bwana\.m2\repository\io\smallrye\jandex\3.1.2\jandex-3.1.2.jar;C:\Users\bwana\.m2\repository\com\fasterxml\classmate\1.7.0\classmate-1.7.0.jar;C:\Users\bwana\.m2\repository\net\bytebuddy\byte-buddy\1.14.19\byte-buddy-1.14.19.jar;C:\Users\bwana\.m2\repository\jakarta\inject\jakarta.inject-api\2.0.1\jakarta.inject-api-2.0.1.jar;C:\Users\bwana\.m2\repository\org\antlr\antlr4-runtime\4.13.0\antlr4-runtime-4.13.0.jar;C:\Users\bwana\.m2\repository\org\apache\tomcat\embed\tomcat-embed-core\9.0.65\tomcat-embed-core-9.0.65.jar;C:\Users\bwana\.m2\repository\org\apache\tomcat\tomcat-annotations-api\10.1.42\tomcat-annotations-api-10.1.42.jar;C:\Users\bwana\.m2\repository\org\springframework\spring-web\5.3.22\spring-web-5.3.22.jar;C:\Users\bwana\.m2\repository\org\springframework\spring-beans\6.1.21\spring-beans-6.1.21.jar;C:\Program Files\JetBrains\IntelliJ IDEA Community Edition 2024.2\lib\idea_rt.jar
Launcher Type: SUN_STANDARD

[Global flags]
     intx CICompilerCount                          = 3                                         {product} {ergonomic}
     uint ConcGCThreads                            = 1                                         {product} {ergonomic}
     uint G1ConcRefinementThreads                  = 4                                         {product} {ergonomic}
   size_t G1HeapRegionSize                         = 1048576                                   {product} {ergonomic}
   size_t InitialHeapSize                          = 134217728                                 {product} {ergonomic}
   size_t MarkStackSize                            = 4194304                                   {product} {ergonomic}
   size_t MaxHeapSize                              = 2122317824                                {product} {ergonomic}
   size_t MaxNewSize                               = 1272971264                                {product} {ergonomic}
   size_t MinHeapDeltaBytes                        = 1048576                                   {product} {ergonomic}
   size_t MinHeapSize                              = 8388608                                   {product} {ergonomic}
    uintx NonNMethodCodeHeapSize                   = 5832780                                {pd product} {ergonomic}
    uintx NonProfiledCodeHeapSize                  = 122912730                              {pd product} {ergonomic}
    uintx ProfiledCodeHeapSize                     = 122912730                              {pd product} {ergonomic}
    uintx ReservedCodeCacheSize                    = 251658240                              {pd product} {ergonomic}
     bool SegmentedCodeCache                       = true                                      {product} {ergonomic}
   size_t SoftMaxHeapSize                          = 2122317824                             {manageable} {ergonomic}
     bool UseCompressedOops                        = true                           {product lp64_product} {ergonomic}
     bool UseG1GC                                  = true                                      {product} {ergonomic}
     bool UseLargePagesIndividualAllocation        = false                                  {pd product} {ergonomic}

Logging:
Log output configuration:
 #0: stdout all=warning uptime,level,tags foldmultilines=false
 #1: stderr all=off uptime,level,tags foldmultilines=false

Environment Variables:
PATH=C:\Python313\Scripts\;C:\Python313\;C:\Program Files\Common Files\Oracle\Java\javapath;C:\WINDOWS\system32;C:\WINDOWS;C:\WINDOWS\System32\Wbem;C:\WINDOWS\System32\WindowsPowerShell\v1.0\;C:\WINDOWS\System32\OpenSSH\;C:\Program Files\Git\cmd;C:\Program Files\apache-maven-3.9.5-bin\apache-maven-3.9.5\bin;C:\Program Files\apache-ant-1.10.14\bin;C:\ProgramData\chocolatey\bin;C:\Users\bwana\AppData\Roaming\nvm;C:\Program Files\nodejs;C:\Program Files\nodejs\;C:\Users\bwana\AppData\Local\Microsoft\WindowsApps;C:\Users\bwana\AppData\Local\Programs\Microsoft VS Code\bin;C:\Users\bwana\AppData\Local\GitHubDesktop\bin;C:\Program Files\JetBrains\IntelliJ IDEA Community Edition 2024.2\bin;;C:\Users\bwana\AppData\Roaming\nvm;C:\Program Files\nodejs;C:\Users\bwana\AppData\Roaming\npm
USERNAME=bwana
OS=Windows_NT
PROCESSOR_IDENTIFIER=Intel64 Family 6 Model 42 Stepping 7, GenuineIntel
TMP=C:\Users\bwana\AppData\Local\Temp
TEMP=C:\Users\bwana\AppData\Local\Temp




Periodic native trim disabled

---------------  S Y S T E M  ---------------

OS:
 Windows 10 , 64 bit Build 19041 (10.0.19041.5915)
OS uptime: 0 days 8:16 hours

CPU: total 4 (initial active 4) (2 cores per cpu, 2 threads per core) family 6 model 42 stepping 7 microcode 0x2f, cx8, cmov, fxsr, ht, mmx, sse, sse2, sse3, ssse3, sse4.1, sse4.2, popcnt, tsc, tscinvbit, avx, aes, clmul, vzeroupper, clflush, rdtscp
Processor Information for all 4 processors :
  Max Mhz: 2501, Current Mhz: 2501, Mhz Limit: 2501

Memory: 4k page, system-wide physical 8088M (656M free)
TotalPageFile size 16180M (AvailPageFile size 7M)
current process WorkingSet (physical memory assigned to process): 295M, peak: 295M
current process commit charge ("private bytes"): 328M, peak: 329M

vm_info: OpenJDK 64-Bit Server VM (22.0.2+9-70) for windows-amd64 JRE (22.0.2+9-70), built on 2024-06-04T16:52:23Z by "mach5one" with MS VC++ 17.6 (VS2022)

END.
