#
# There is insufficient memory for the Java Runtime Environment to continue.
# Native memory allocation (malloc) failed to allocate 1577776 bytes. Error detail: Chunk::new
# Possible reasons:
#   The system is out of physical RAM or swap space
#   This process is running with CompressedOops enabled, and the Java Heap may be blocking the growth of the native heap
# Possible solutions:
#   Reduce memory load on the system
#   Increase physical memory or swap space
#   Check if swap backing store is full
#   Decrease Java heap size (-Xmx/-Xms)
#   Decrease number of Java threads
#   Decrease Java thread stack sizes (-Xss)
#   Set larger code cache with -XX:ReservedCodeCacheSize=
#   JVM is running with Unscaled Compressed Oops mode in which the Java heap is
#     placed in the first 4GB address space. The Java Heap base address is the
#     maximum limit for the native heap growth. Please use -XX:HeapBaseMinAddress
#     to set the Java Heap base and to place the Java Heap above 4GB virtual address.
# This output file may be truncated or incomplete.
#
#  Out of Memory Error (arena.cpp:150), pid=3720, tid=6664
#
# JRE version: OpenJDK Runtime Environment (22.0.2+9) (build 22.0.2+9-70)
# Java VM: OpenJDK 64-Bit Server VM (22.0.2+9-70, mixed mode, sharing, tiered, compressed oops, compressed class ptrs, g1 gc, windows-amd64)
# No core dump will be written. Minidumps are not enabled by default on client versions of Windows
#

---------------  S U M M A R Y ------------

Command Line: -agentlib:jdwp=transport=dt_socket,address=127.0.0.1:55725,suspend=y,server=n -javaagent:C:\Users\bwana\AppData\Local\JetBrains\IdeaIC2024.2\captureAgent\debugger-agent.jar=file:/C:/Users/bwana/AppData/Local/Temp/capture.props -Dkotlinx.coroutines.debug.enable.creation.stack.trace=false -Ddebugger.agent.enable.coroutines=true -Dfile.encoding=UTF-8 -Dsun.stdout.encoding=UTF-8 -Dsun.stderr.encoding=UTF-8 essay.essay.EssayApplication

Host: Intel(R) Core(TM) i5-2520M CPU @ 2.50GHz, 4 cores, 7G,  Windows 10 , 64 bit Build 19041 (10.0.19041.5915)
Time: Mon Jun 30 11:24:22 2025 E. Africa Standard Time elapsed time: 15.568346 seconds (0d 0h 0m 15s)

---------------  T H R E A D  ---------------

Current thread (0x000001d530176c50):  JavaThread "C2 CompilerThread0" daemon [_thread_in_native, id=6664, stack(0x00000080c1000000,0x00000080c1100000) (1024K)]


Current CompileTask:
C2:15568 5676   !   4       org.springframework.util.ReflectionUtils::doWithMethods (189 bytes)

Stack: [0x00000080c1000000,0x00000080c1100000]
Native frames: (J=compiled Java code, j=interpreted, Vv=VM code, C=native code)
V  [jvm.dll+0x6e26e9]  (no source info available)
V  [jvm.dll+0x875753]  (no source info available)
V  [jvm.dll+0x877b7e]  (no source info available)
V  [jvm.dll+0x878253]  (no source info available)
V  [jvm.dll+0x27fc86]  (no source info available)
V  [jvm.dll+0xc3d0f]  (no source info available)
V  [jvm.dll+0xc3f6b]  (no source info available)
V  [jvm.dll+0x3bb442]  (no source info available)
V  [jvm.dll+0x1df4ac]  (no source info available)
V  [jvm.dll+0x24793c]  (no source info available)
V  [jvm.dll+0x246e9f]  (no source info available)
V  [jvm.dll+0x1c4e80]  (no source info available)
V  [jvm.dll+0x2568f3]  (no source info available)
V  [jvm.dll+0x254baa]  (no source info available)
V  [jvm.dll+0x3f57a6]  (no source info available)
V  [jvm.dll+0x81dc0b]  (no source info available)
V  [jvm.dll+0x6e0d85]  (no source info available)
C  [ucrtbase.dll+0x21bb2]  (no source info available)
C  [KERNEL32.DLL+0x17374]  (no source info available)
C  [ntdll.dll+0x4cc91]  (no source info available)


---------------  P R O C E S S  ---------------

Threads class SMR info:
_java_thread_list=0x000001d5797680d0, length=21, elements={
0x000001d512021e50, 0x000001d53016ee40, 0x000001d53016ff10, 0x000001d530171e90,
0x000001d530174a00, 0x000001d530175460, 0x000001d530175ec0, 0x000001d530176c50,
0x000001d5302e86f0, 0x000001d53032a9f0, 0x000001d5305365c0, 0x000001d5305d1700,
0x000001d530559cd0, 0x000001d530595d80, 0x000001d5784ef540, 0x000001d57721e3c0,
0x000001d57721ea30, 0x000001d5785d30a0, 0x000001d5777aa310, 0x000001d578c79950,
0x000001d5760d8680
}

Java Threads: ( => current thread )
  0x000001d512021e50 JavaThread "main"                              [_thread_blocked, id=11432, stack(0x00000080c0200000,0x00000080c0300000) (1024K)]
  0x000001d53016ee40 JavaThread "Reference Handler"          daemon [_thread_blocked, id=10412, stack(0x00000080c0a00000,0x00000080c0b00000) (1024K)]
  0x000001d53016ff10 JavaThread "Finalizer"                  daemon [_thread_blocked, id=11588, stack(0x00000080c0b00000,0x00000080c0c00000) (1024K)]
  0x000001d530171e90 JavaThread "Signal Dispatcher"          daemon [_thread_blocked, id=8320, stack(0x00000080c0c00000,0x00000080c0d00000) (1024K)]
  0x000001d530174a00 JavaThread "Attach Listener"            daemon [_thread_blocked, id=8896, stack(0x00000080c0d00000,0x00000080c0e00000) (1024K)]
  0x000001d530175460 JavaThread "Service Thread"             daemon [_thread_blocked, id=9956, stack(0x00000080c0e00000,0x00000080c0f00000) (1024K)]
  0x000001d530175ec0 JavaThread "Monitor Deflation Thread"   daemon [_thread_blocked, id=8776, stack(0x00000080c0f00000,0x00000080c1000000) (1024K)]
=>0x000001d530176c50 JavaThread "C2 CompilerThread0"         daemon [_thread_in_native, id=6664, stack(0x00000080c1000000,0x00000080c1100000) (1024K)]
  0x000001d5302e86f0 JavaThread "C1 CompilerThread0"         daemon [_thread_blocked, id=4752, stack(0x00000080c1100000,0x00000080c1200000) (1024K)]
  0x000001d53032a9f0 JavaThread "Common-Cleaner"             daemon [_thread_blocked, id=13696, stack(0x00000080c1200000,0x00000080c1300000) (1024K)]
  0x000001d5305365c0 JavaThread "JDWP Transport Listener: dt_socket" daemon [_thread_blocked, id=7260, stack(0x00000080c1300000,0x00000080c1400000) (1024K)]
  0x000001d5305d1700 JavaThread "JDWP Event Helper Thread"   daemon [_thread_blocked, id=11656, stack(0x00000080c1400000,0x00000080c1500000) (1024K)]
  0x000001d530559cd0 JavaThread "JDWP Command Reader"        daemon [_thread_in_native, id=13736, stack(0x00000080c1500000,0x00000080c1600000) (1024K)]
  0x000001d530595d80 JavaThread "Notification Thread"        daemon [_thread_blocked, id=8248, stack(0x00000080c1600000,0x00000080c1700000) (1024K)]
  0x000001d5784ef540 JavaThread "Catalina-utility-1"                [_thread_blocked, id=11952, stack(0x00000080c1a00000,0x00000080c1b00000) (1024K)]
  0x000001d57721e3c0 JavaThread "Catalina-utility-2"                [_thread_blocked, id=9888, stack(0x00000080c1b00000,0x00000080c1c00000) (1024K)]
  0x000001d57721ea30 JavaThread "container-0"                       [_thread_blocked, id=7872, stack(0x00000080c1d00000,0x00000080c1e00000) (1024K)]
  0x000001d5785d30a0 JavaThread "mysql-cj-abandoned-connection-cleanup" daemon [_thread_blocked, id=8964, stack(0x00000080c1e00000,0x00000080c1f00000) (1024K)]
  0x000001d5777aa310 JavaThread "HikariPool-1:housekeeper"   daemon [_thread_blocked, id=4252, stack(0x00000080c2000000,0x00000080c2100000) (1024K)]
  0x000001d578c79950 JavaThread "HikariPool-1:connection-adder" daemon [_thread_blocked, id=9172, stack(0x00000080c2100000,0x00000080c2200000) (1024K)]
  0x000001d5760d8680 JavaThread "C2 CompilerThread1"         daemon [_thread_in_native, id=108, stack(0x00000080c1c00000,0x00000080c1d00000) (1024K)]
Total: 21

Other Threads:
  0x000001d530150480 VMThread "VM Thread"                           [id=10792, stack(0x00000080c0900000,0x00000080c0a00000) (1024K)]
  0x000001d5301366e0 WatcherThread "VM Periodic Task Thread"        [id=13908, stack(0x00000080c0800000,0x00000080c0900000) (1024K)]
  0x000001d514201390 WorkerThread "GC Thread#0"                     [id=3976, stack(0x00000080c0300000,0x00000080c0400000) (1024K)]
  0x000001d53058d710 WorkerThread "GC Thread#1"                     [id=13616, stack(0x00000080c1700000,0x00000080c1800000) (1024K)]
  0x000001d530c245b0 WorkerThread "GC Thread#2"                     [id=5024, stack(0x00000080c1800000,0x00000080c1900000) (1024K)]
  0x000001d530c52660 WorkerThread "GC Thread#3"                     [id=12204, stack(0x00000080c1900000,0x00000080c1a00000) (1024K)]
  0x000001d514212080 ConcurrentGCThread "G1 Main Marker"            [id=6872, stack(0x00000080c0400000,0x00000080c0500000) (1024K)]
  0x000001d514212b90 WorkerThread "G1 Conc#0"                       [id=4540, stack(0x00000080c0500000,0x00000080c0600000) (1024K)]
  0x000001d52fffc130 ConcurrentGCThread "G1 Refine#0"               [id=8324, stack(0x00000080c0600000,0x00000080c0700000) (1024K)]
  0x000001d52fffdbd0 ConcurrentGCThread "G1 Service"                [id=12628, stack(0x00000080c0700000,0x00000080c0800000) (1024K)]
Total: 10

Threads with active compile tasks:
C2 CompilerThread0  15725 5676   !   4       org.springframework.util.ReflectionUtils::doWithMethods (189 bytes)
C2 CompilerThread1  15725 5707   !   4       org.springframework.core.annotation.AnnotationsScanner::processMethodHierarchy (276 bytes)
Total: 2

VM state: at safepoint (normal execution)

VM Mutex/Monitor currently owned by a thread:  ([mutex/lock_event])
[0x00007ff9566ccb80] Threads_lock - owner thread: 0x000001d530150480
[0x00007ff9566ccc80] Heap_lock - owner thread: 0x000001d512021e50

Heap address: 0x0000000081800000, size: 2024 MB, Compressed Oops mode: 32-bit

CDS archive(s) mapped at: [0x000001d531000000-0x000001d531c60000-0x000001d531c60000), size 12976128, SharedBaseAddress: 0x000001d531000000, ArchiveRelocationMode: 1.
Compressed class space mapped at: 0x000001d532000000-0x000001d572000000, reserved size: 1073741824
Narrow klass base: 0x000001d531000000, Narrow klass shift: 0, Narrow klass range: 0x41000000

GC Precious Log:
 CardTable entry size: 512
 Card Set container configuration: InlinePtr #cards 5 size 8 Array Of Cards #cards 12 size 40 Howl #buckets 4 coarsen threshold 1843 Howl Bitmap #cards 512 size 80 coarsen threshold 460 Card regions per heap region 1 cards per card region 2048
 CPUs: 4 total, 4 available
 Memory: 8088M
 Large Page Support: Disabled
 NUMA Support: Disabled
 Compressed Oops: Enabled (32-bit)
 Heap Region Size: 1M
 Heap Min Capacity: 8M
 Heap Initial Capacity: 128M
 Heap Max Capacity: 2024M
 Pre-touch: Disabled
 Parallel Workers: 4
 Concurrent Workers: 1
 Concurrent Refinement Workers: 4
 Periodic GC: Disabled

Heap:
 garbage-first heap   total reserved 2072576K, committed 58368K, used 30598K [0x0000000081800000, 0x0000000100000000)
  region size 1024K, 3 young (3072K), 3 survivors (3072K)
 Metaspace       used 63662K, committed 64320K, reserved 1114112K
  class space    used 8557K, committed 8832K, reserved 1048576K

Heap Regions: E=young(eden), S=young(survivor), O=old, HS=humongous(starts), HC=humongous(continues), CS=collection set, F=free, TAMS=top-at-mark-start, PB=parsable bottom
|   0|0x0000000081800000, 0x0000000081900000, 0x0000000081900000|100%|HS|  |TAMS 0x0000000081800000| PB 0x0000000081800000| Complete |  0
|   1|0x0000000081900000, 0x0000000081a00000, 0x0000000081a00000|100%|HS|  |TAMS 0x0000000081900000| PB 0x0000000081900000| Complete |  0
|   2|0x0000000081a00000, 0x0000000081b00000, 0x0000000081b00000|100%| O|  |TAMS 0x0000000081a00000| PB 0x0000000081a00000| Untracked |  0
|   3|0x0000000081b00000, 0x0000000081c00000, 0x0000000081c00000|100%| O|  |TAMS 0x0000000081b00000| PB 0x0000000081b00000| Untracked |  0
|   4|0x0000000081c00000, 0x0000000081d00000, 0x0000000081d00000|100%| O|  |TAMS 0x0000000081c00000| PB 0x0000000081c00000| Untracked |  0
|   5|0x0000000081d00000, 0x0000000081e00000, 0x0000000081e00000|100%| O|  |TAMS 0x0000000081d00000| PB 0x0000000081d00000| Untracked |  0
|   6|0x0000000081e00000, 0x0000000081f00000, 0x0000000081f00000|100%| O|  |TAMS 0x0000000081e00000| PB 0x0000000081e00000| Untracked |  0
|   7|0x0000000081f00000, 0x0000000082000000, 0x0000000082000000|100%| O|  |TAMS 0x0000000081f00000| PB 0x0000000081f00000| Untracked |  0
|   8|0x0000000082000000, 0x00000000820f1658, 0x0000000082100000| 94%| O|  |TAMS 0x0000000082000000| PB 0x0000000082000000| Untracked |  0
|   9|0x0000000082100000, 0x0000000082200000, 0x0000000082200000|100%| O|  |TAMS 0x0000000082100000| PB 0x0000000082100000| Untracked |  0
|  10|0x0000000082200000, 0x0000000082300000, 0x0000000082300000|100%| O|  |TAMS 0x0000000082200000| PB 0x0000000082200000| Untracked |  0
|  11|0x0000000082300000, 0x0000000082400000, 0x0000000082400000|100%| O|  |TAMS 0x0000000082300000| PB 0x0000000082300000| Untracked |  0
|  12|0x0000000082400000, 0x0000000082500000, 0x0000000082500000|100%| O|  |TAMS 0x0000000082400000| PB 0x0000000082400000| Untracked |  0
|  13|0x0000000082500000, 0x0000000082600000, 0x0000000082600000|100%| O|  |TAMS 0x0000000082500000| PB 0x0000000082500000| Untracked |  0
|  14|0x0000000082600000, 0x0000000082700000, 0x0000000082700000|100%| O|  |TAMS 0x0000000082600000| PB 0x0000000082600000| Untracked |  0
|  15|0x0000000082700000, 0x0000000082800000, 0x0000000082800000|100%| O|  |TAMS 0x0000000082700000| PB 0x0000000082700000| Untracked |  0
|  16|0x0000000082800000, 0x0000000082900000, 0x0000000082900000|100%| O|Cm|TAMS 0x0000000082800000| PB 0x0000000082800000| Complete |  0
|  17|0x0000000082900000, 0x0000000082a00000, 0x0000000082a00000|100%| O|  |TAMS 0x0000000082900000| PB 0x0000000082900000| Untracked |  0
|  18|0x0000000082a00000, 0x0000000082b00000, 0x0000000082b00000|100%| O|  |TAMS 0x0000000082a00000| PB 0x0000000082a00000| Untracked |  0
|  19|0x0000000082b00000, 0x0000000082c00000, 0x0000000082c00000|100%| O|  |TAMS 0x0000000082b00000| PB 0x0000000082b00000| Untracked |  0
|  20|0x0000000082c00000, 0x0000000082d00000, 0x0000000082d00000|100%| O|  |TAMS 0x0000000082c00000| PB 0x0000000082c00000| Untracked |  0
|  21|0x0000000082d00000, 0x0000000082e00000, 0x0000000082e00000|100%| O|  |TAMS 0x0000000082d00000| PB 0x0000000082d00000| Untracked |  0
|  22|0x0000000082e00000, 0x0000000082f00000, 0x0000000082f00000|100%| O|  |TAMS 0x0000000082e00000| PB 0x0000000082e00000| Untracked |  0
|  23|0x0000000082f00000, 0x0000000083000000, 0x0000000083000000|100%| O|  |TAMS 0x0000000082f00000| PB 0x0000000082f00000| Untracked |  0
|  24|0x0000000083000000, 0x0000000083100000, 0x0000000083100000|100%| O|  |TAMS 0x0000000083000000| PB 0x0000000083000000| Untracked |  0
|  25|0x0000000083100000, 0x0000000083200000, 0x0000000083200000|100%| O|  |TAMS 0x0000000083100000| PB 0x0000000083100000| Untracked |  0
|  26|0x0000000083200000, 0x0000000083300000, 0x0000000083300000|100%| O|  |TAMS 0x0000000083200000| PB 0x0000000083200000| Untracked |  0
|  27|0x0000000083300000, 0x0000000083340b40, 0x0000000083400000| 25%| O|  |TAMS 0x0000000083300000| PB 0x0000000083300000| Untracked |  0
|  28|0x0000000083400000, 0x0000000083400000, 0x0000000083500000|  0%| F|  |TAMS 0x0000000083400000| PB 0x0000000083400000| Untracked |  0
|  29|0x0000000083500000, 0x0000000083500000, 0x0000000083600000|  0%| F|  |TAMS 0x0000000083500000| PB 0x0000000083500000| Untracked |  0
|  30|0x0000000083600000, 0x00000000836af8c0, 0x0000000083700000| 68%| S|CS|TAMS 0x0000000083600000| PB 0x0000000083600000| Complete |  0
|  31|0x0000000083700000, 0x0000000083800000, 0x0000000083800000|100%| S|CS|TAMS 0x0000000083700000| PB 0x0000000083700000| Complete |  0
|  32|0x0000000083800000, 0x0000000083800000, 0x0000000083900000|  0%| F|  |TAMS 0x0000000083800000| PB 0x0000000083800000| Untracked |  0
|  33|0x0000000083900000, 0x0000000083a00000, 0x0000000083a00000|100%| S|CS|TAMS 0x0000000083900000| PB 0x0000000083900000| Complete |  0
|  34|0x0000000083a00000, 0x0000000083a00000, 0x0000000083b00000|  0%| F|  |TAMS 0x0000000083a00000| PB 0x0000000083a00000| Untracked |  0
|  35|0x0000000083b00000, 0x0000000083b00000, 0x0000000083c00000|  0%| F|  |TAMS 0x0000000083b00000| PB 0x0000000083b00000| Untracked |  0
|  36|0x0000000083c00000, 0x0000000083c00000, 0x0000000083d00000|  0%| F|  |TAMS 0x0000000083c00000| PB 0x0000000083c00000| Untracked |  0
|  37|0x0000000083d00000, 0x0000000083d00000, 0x0000000083e00000|  0%| F|  |TAMS 0x0000000083d00000| PB 0x0000000083d00000| Untracked |  0
|  38|0x0000000083e00000, 0x0000000083e00000, 0x0000000083f00000|  0%| F|  |TAMS 0x0000000083e00000| PB 0x0000000083e00000| Untracked |  0
|  39|0x0000000083f00000, 0x0000000083f00000, 0x0000000084000000|  0%| F|  |TAMS 0x0000000083f00000| PB 0x0000000083f00000| Untracked |  0
|  40|0x0000000084000000, 0x0000000084000000, 0x0000000084100000|  0%| F|  |TAMS 0x0000000084000000| PB 0x0000000084000000| Untracked |  0
|  41|0x0000000084100000, 0x0000000084100000, 0x0000000084200000|  0%| F|  |TAMS 0x0000000084100000| PB 0x0000000084100000| Untracked |  0
|  42|0x0000000084200000, 0x0000000084200000, 0x0000000084300000|  0%| F|  |TAMS 0x0000000084200000| PB 0x0000000084200000| Untracked |  0
|  43|0x0000000084300000, 0x0000000084300000, 0x0000000084400000|  0%| F|  |TAMS 0x0000000084300000| PB 0x0000000084300000| Untracked |  0
|  44|0x0000000084400000, 0x0000000084400000, 0x0000000084500000|  0%| F|  |TAMS 0x0000000084400000| PB 0x0000000084400000| Untracked |  0
|  45|0x0000000084500000, 0x0000000084500000, 0x0000000084600000|  0%| F|  |TAMS 0x0000000084500000| PB 0x0000000084500000| Untracked |  0
|  46|0x0000000084600000, 0x0000000084600000, 0x0000000084700000|  0%| F|  |TAMS 0x0000000084600000| PB 0x0000000084600000| Untracked |  0
|  47|0x0000000084700000, 0x0000000084700000, 0x0000000084800000|  0%| F|  |TAMS 0x0000000084700000| PB 0x0000000084700000| Untracked |  0
|  48|0x0000000084800000, 0x0000000084800000, 0x0000000084900000|  0%| F|  |TAMS 0x0000000084800000| PB 0x0000000084800000| Untracked |  0
|  62|0x0000000085600000, 0x0000000085600000, 0x0000000085700000|  0%| F|  |TAMS 0x0000000085600000| PB 0x0000000085600000| Untracked |  0
|  63|0x0000000085700000, 0x0000000085700000, 0x0000000085800000|  0%| F|  |TAMS 0x0000000085700000| PB 0x0000000085700000| Untracked |  0
|  64|0x0000000085800000, 0x0000000085800000, 0x0000000085900000|  0%| F|  |TAMS 0x0000000085800000| PB 0x0000000085800000| Untracked |  0
|  65|0x0000000085900000, 0x0000000085900000, 0x0000000085a00000|  0%| F|  |TAMS 0x0000000085900000| PB 0x0000000085900000| Untracked |  0
|  66|0x0000000085a00000, 0x0000000085a00000, 0x0000000085b00000|  0%| F|  |TAMS 0x0000000085a00000| PB 0x0000000085a00000| Untracked |  0
|  67|0x0000000085b00000, 0x0000000085b00000, 0x0000000085c00000|  0%| F|  |TAMS 0x0000000085b00000| PB 0x0000000085b00000| Untracked |  0
|  68|0x0000000085c00000, 0x0000000085c00000, 0x0000000085d00000|  0%| F|  |TAMS 0x0000000085c00000| PB 0x0000000085c00000| Untracked |  0
|  69|0x0000000085d00000, 0x0000000085d00000, 0x0000000085e00000|  0%| F|  |TAMS 0x0000000085d00000| PB 0x0000000085d00000| Untracked |  0

Card table byte_map: [0x000001d52b8e0000,0x000001d52bce0000] _byte_map_base: 0x000001d52b4d4000

Marking Bits: (CMBitMap*) 0x000001d514201aa0
 Bits: [0x000001d52bce0000, 0x000001d52dc80000)

Polling page: 0x000001d512120000

Metaspace:

Usage:
  Non-class:     53.81 MB used.
      Class:      8.36 MB used.
       Both:     62.17 MB used.

Virtual space:
  Non-class space:       64.00 MB reserved,      54.19 MB ( 85%) committed,  1 nodes.
      Class space:        1.00 GB reserved,       8.62 MB ( <1%) committed,  1 nodes.
             Both:        1.06 GB reserved,      62.81 MB (  6%) committed. 

Chunk freelists:
   Non-Class:  9.53 MB
       Class:  7.27 MB
        Both:  16.80 MB

MaxMetaspaceSize: unlimited
CompressedClassSpaceSize: 1.00 GB
Initial GC threshold: 21.00 MB
Current GC threshold: 98.38 MB
CDS: on
 - commit_granule_bytes: 65536.
 - commit_granule_words: 8192.
 - virtual_space_node_default_size: 8388608.
 - enlarge_chunks_in_place: 1.
 - use_allocation_guard: 0.


Internal statistics:

num_allocs_failed_limit: 9.
num_arena_births: 854.
num_arena_deaths: 0.
num_vsnodes_births: 2.
num_vsnodes_deaths: 0.
num_space_committed: 1005.
num_space_uncommitted: 0.
num_chunks_returned_to_freelist: 9.
num_chunks_taken_from_freelist: 2968.
num_chunk_merges: 9.
num_chunk_splits: 2151.
num_chunks_enlarged: 1696.
num_inconsistent_stats: 0.

CodeHeap 'non-profiled nmethods': size=120000Kb used=3190Kb max_used=3371Kb free=116809Kb
 bounds [0x000001d523fb0000, 0x000001d524300000, 0x000001d52b4e0000]
CodeHeap 'profiled nmethods': size=120000Kb used=10279Kb max_used=10723Kb free=109720Kb
 bounds [0x000001d51c4e0000, 0x000001d51cf70000, 0x000001d523a10000]
CodeHeap 'non-nmethods': size=5760Kb used=1791Kb max_used=1812Kb free=3968Kb
 bounds [0x000001d523a10000, 0x000001d523c80000, 0x000001d523fb0000]
 total_blobs=5856 nmethods=5110 adapters=650
 compilation: enabled
              stopped_count=0, restarted_count=0
 full_count=0

Compilation events (20 events):
Event: 15.453 Thread 0x000001d5302e86f0 5769       3       java.util.Spliterators::spliteratorUnknownSize (16 bytes)
Event: 15.453 Thread 0x000001d5302e86f0 nmethod 5769 0x000001d51cc9dd10 code [0x000001d51cc9dee0, 0x000001d51cc9e3f8]
Event: 15.453 Thread 0x000001d5302e86f0 5770       3       java.util.Spliterators$IteratorSpliterator::<init> (31 bytes)
Event: 15.453 Thread 0x000001d5302e86f0 nmethod 5770 0x000001d51c695e10 code [0x000001d51c695fc0, 0x000001d51c6961d0]
Event: 15.454 Thread 0x000001d5302e86f0 5771       3       java.lang.Iterable::spliterator (11 bytes)
Event: 15.454 Thread 0x000001d5302e86f0 nmethod 5771 0x000001d51c980c90 code [0x000001d51c980e80, 0x000001d51c9814d8]
Event: 15.458 Thread 0x000001d5302e86f0 5772       1       java.lang.Module::getName (5 bytes)
Event: 15.458 Thread 0x000001d5302e86f0 nmethod 5772 0x000001d524160210 code [0x000001d5241603a0, 0x000001d524160468]
Event: 15.462 Thread 0x000001d5302e86f0 5773       3       org.springframework.data.util.Streamable::stream (11 bytes)
Event: 15.462 Thread 0x000001d5302e86f0 nmethod 5773 0x000001d51c6f8e90 code [0x000001d51c6f9040, 0x000001d51c6f9250]
Event: 15.462 Thread 0x000001d5302e86f0 5774       3       java.util.stream.MatchOps$1MatchSink::accept (44 bytes)
Event: 15.463 Thread 0x000001d5302e86f0 nmethod 5774 0x000001d51c819290 code [0x000001d51c819440, 0x000001d51c8196a8]
Event: 15.465 Thread 0x000001d5302e86f0 5775   !   3       java.util.concurrent.ConcurrentHashMap::computeIfAbsent (576 bytes)
Event: 15.469 Thread 0x000001d5302e86f0 nmethod 5775 0x000001d51cc39090 code [0x000001d51cc394e0, 0x000001d51cc3bad8]
Event: 15.522 Thread 0x000001d5302e86f0 5776       3       java.util.Formatter$FixedString::<init> (20 bytes)
Event: 15.522 Thread 0x000001d5302e86f0 nmethod 5776 0x000001d51ca75310 code [0x000001d51ca754a0, 0x000001d51ca75668]
Event: 15.522 Thread 0x000001d5302e86f0 5777       3       java.util.Formatter$FixedString::print (23 bytes)
Event: 15.522 Thread 0x000001d5302e86f0 nmethod 5777 0x000001d51ca5a210 code [0x000001d51ca5a3c0, 0x000001d51ca5a5c8]
Event: 15.523 Thread 0x000001d5302e86f0 5778       3       java.lang.StringBuilder::append (8 bytes)
Event: 15.523 Thread 0x000001d5302e86f0 nmethod 5778 0x000001d51cba3d90 code [0x000001d51cba3f40, 0x000001d51cba4110]

GC Heap History (20 events):
Event: 2.651 GC heap before
{Heap before GC invocations=1 (full 0):
 garbage-first heap   total reserved 2072576K, committed 131072K, used 21162K [0x0000000081800000, 0x0000000100000000)
  region size 1024K, 14 young (14336K), 2 survivors (2048K)
 Metaspace       used 4762K, committed 4928K, reserved 1114112K
  class space    used 540K, committed 640K, reserved 1048576K
}
Event: 2.657 GC heap after
{Heap after GC invocations=2 (full 0):
 garbage-first heap   total reserved 2072576K, committed 131072K, used 10375K [0x0000000081800000, 0x0000000100000000)
  region size 1024K, 2 young (2048K), 2 survivors (2048K)
 Metaspace       used 4762K, committed 4928K, reserved 1114112K
  class space    used 540K, committed 640K, reserved 1048576K
}
Event: 5.262 GC heap before
{Heap before GC invocations=2 (full 0):
 garbage-first heap   total reserved 2072576K, committed 131072K, used 35975K [0x0000000081800000, 0x0000000100000000)
  region size 1024K, 27 young (27648K), 2 survivors (2048K)
 Metaspace       used 11890K, committed 12160K, reserved 1114112K
  class space    used 1478K, committed 1600K, reserved 1048576K
}
Event: 5.271 GC heap after
{Heap after GC invocations=3 (full 0):
 garbage-first heap   total reserved 2072576K, committed 131072K, used 12533K [0x0000000081800000, 0x0000000100000000)
  region size 1024K, 4 young (4096K), 4 survivors (4096K)
 Metaspace       used 11890K, committed 12160K, reserved 1114112K
  class space    used 1478K, committed 1600K, reserved 1048576K
}
Event: 6.925 GC heap before
{Heap before GC invocations=3 (full 0):
 garbage-first heap   total reserved 2072576K, committed 131072K, used 65781K [0x0000000081800000, 0x0000000100000000)
  region size 1024K, 58 young (59392K), 4 survivors (4096K)
 Metaspace       used 21195K, committed 21504K, reserved 1114112K
  class space    used 2595K, committed 2752K, reserved 1048576K
}
Event: 6.941 GC heap after
{Heap after GC invocations=4 (full 0):
 garbage-first heap   total reserved 2072576K, committed 131072K, used 16985K [0x0000000081800000, 0x0000000100000000)
  region size 1024K, 8 young (8192K), 8 survivors (8192K)
 Metaspace       used 21195K, committed 21504K, reserved 1114112K
  class space    used 2595K, committed 2752K, reserved 1048576K
}
Event: 8.302 GC heap before
{Heap before GC invocations=5 (full 0):
 garbage-first heap   total reserved 2072576K, committed 58368K, used 43609K [0x0000000081800000, 0x0000000100000000)
  region size 1024K, 34 young (34816K), 8 survivors (8192K)
 Metaspace       used 25469K, committed 25856K, reserved 1114112K
  class space    used 3157K, committed 3328K, reserved 1048576K
}
Event: 8.328 GC heap after
{Heap after GC invocations=6 (full 0):
 garbage-first heap   total reserved 2072576K, committed 58368K, used 19247K [0x0000000081800000, 0x0000000100000000)
  region size 1024K, 3 young (3072K), 3 survivors (3072K)
 Metaspace       used 25469K, committed 25856K, reserved 1114112K
  class space    used 3157K, committed 3328K, reserved 1048576K
}
Event: 9.652 GC heap before
{Heap before GC invocations=6 (full 0):
 garbage-first heap   total reserved 2072576K, committed 58368K, used 45871K [0x0000000081800000, 0x0000000100000000)
  region size 1024K, 29 young (29696K), 3 survivors (3072K)
 Metaspace       used 30622K, committed 31168K, reserved 1114112K
  class space    used 3860K, committed 4096K, reserved 1048576K
}
Event: 9.667 GC heap after
{Heap after GC invocations=7 (full 0):
 garbage-first heap   total reserved 2072576K, committed 58368K, used 21403K [0x0000000081800000, 0x0000000100000000)
  region size 1024K, 4 young (4096K), 4 survivors (4096K)
 Metaspace       used 30622K, committed 31168K, reserved 1114112K
  class space    used 3860K, committed 4096K, reserved 1048576K
}
Event: 10.821 GC heap before
{Heap before GC invocations=7 (full 0):
 garbage-first heap   total reserved 2072576K, committed 58368K, used 44955K [0x0000000081800000, 0x0000000100000000)
  region size 1024K, 28 young (28672K), 4 survivors (4096K)
 Metaspace       used 35346K, committed 35968K, reserved 1114112K
  class space    used 4557K, committed 4864K, reserved 1048576K
}
Event: 10.831 GC heap after
{Heap after GC invocations=8 (full 0):
 garbage-first heap   total reserved 2072576K, committed 58368K, used 23216K [0x0000000081800000, 0x0000000100000000)
  region size 1024K, 2 young (2048K), 2 survivors (2048K)
 Metaspace       used 35346K, committed 35968K, reserved 1114112K
  class space    used 4557K, committed 4864K, reserved 1048576K
}
Event: 11.985 GC heap before
{Heap before GC invocations=9 (full 0):
 garbage-first heap   total reserved 2072576K, committed 58368K, used 48816K [0x0000000081800000, 0x0000000100000000)
  region size 1024K, 27 young (27648K), 2 survivors (2048K)
 Metaspace       used 43270K, committed 43776K, reserved 1114112K
  class space    used 5594K, committed 5824K, reserved 1048576K
}
Event: 11.993 GC heap after
{Heap after GC invocations=10 (full 0):
 garbage-first heap   total reserved 2072576K, committed 58368K, used 25432K [0x0000000081800000, 0x0000000100000000)
  region size 1024K, 4 young (4096K), 4 survivors (4096K)
 Metaspace       used 43270K, committed 43776K, reserved 1114112K
  class space    used 5594K, committed 5824K, reserved 1048576K
}
Event: 13.375 GC heap before
{Heap before GC invocations=10 (full 0):
 garbage-first heap   total reserved 2072576K, committed 58368K, used 48984K [0x0000000081800000, 0x0000000100000000)
  region size 1024K, 28 young (28672K), 4 survivors (4096K)
 Metaspace       used 49019K, committed 49600K, reserved 1114112K
  class space    used 6375K, committed 6656K, reserved 1048576K
}
Event: 13.384 GC heap after
{Heap after GC invocations=11 (full 0):
 garbage-first heap   total reserved 2072576K, committed 58368K, used 27066K [0x0000000081800000, 0x0000000100000000)
  region size 1024K, 2 young (2048K), 2 survivors (2048K)
 Metaspace       used 49019K, committed 49600K, reserved 1114112K
  class space    used 6375K, committed 6656K, reserved 1048576K
}
Event: 14.052 GC heap before
{Heap before GC invocations=11 (full 0):
 garbage-first heap   total reserved 2072576K, committed 58368K, used 49594K [0x0000000081800000, 0x0000000100000000)
  region size 1024K, 25 young (25600K), 2 survivors (2048K)
 Metaspace       used 55294K, committed 55936K, reserved 1114112K
  class space    used 7318K, committed 7616K, reserved 1048576K
}
Event: 14.058 GC heap after
{Heap after GC invocations=12 (full 0):
 garbage-first heap   total reserved 2072576K, committed 58368K, used 27815K [0x0000000081800000, 0x0000000100000000)
  region size 1024K, 3 young (3072K), 3 survivors (3072K)
 Metaspace       used 55294K, committed 55936K, reserved 1114112K
  class space    used 7318K, committed 7616K, reserved 1048576K
}
Event: 14.805 GC heap before
{Heap before GC invocations=12 (full 0):
 garbage-first heap   total reserved 2072576K, committed 58368K, used 48295K [0x0000000081800000, 0x0000000100000000)
  region size 1024K, 25 young (25600K), 3 survivors (3072K)
 Metaspace       used 59544K, committed 60160K, reserved 1114112K
  class space    used 7972K, committed 8256K, reserved 1048576K
}
Event: 14.811 GC heap after
{Heap after GC invocations=13 (full 0):
 garbage-first heap   total reserved 2072576K, committed 58368K, used 28800K [0x0000000081800000, 0x0000000100000000)
  region size 1024K, 2 young (2048K), 2 survivors (2048K)
 Metaspace       used 59544K, committed 60160K, reserved 1114112K
  class space    used 7972K, committed 8256K, reserved 1048576K
}

Dll operation events (14 events):
Event: 0.023 Loaded shared library C:\Users\bwana\.jdks\openjdk-22.0.2\bin\java.dll
Event: 0.028 Loaded shared library C:\Users\bwana\.jdks\openjdk-22.0.2\bin\zip.dll
Event: 0.142 Loaded shared library C:\Users\bwana\.jdks\openjdk-22.0.2\bin\jsvml.dll
Event: 0.497 Loaded shared library C:\Users\bwana\.jdks\openjdk-22.0.2\bin\instrument.dll
Event: 0.638 Loaded shared library C:\Users\bwana\.jdks\openjdk-22.0.2\bin\net.dll
Event: 0.641 Loaded shared library C:\Users\bwana\.jdks\openjdk-22.0.2\bin\nio.dll
Event: 0.653 Loaded shared library C:\Users\bwana\.jdks\openjdk-22.0.2\bin\zip.dll
Event: 1.269 Loaded shared library C:\Users\bwana\.jdks\openjdk-22.0.2\bin\jimage.dll
Event: 3.960 Loaded shared library C:\Users\bwana\.jdks\openjdk-22.0.2\bin\le.dll
Event: 6.308 Loaded shared library C:\Users\bwana\.jdks\openjdk-22.0.2\bin\sunmscapi.dll
Event: 9.459 Loaded shared library C:\Users\bwana\.jdks\openjdk-22.0.2\bin\management.dll
Event: 9.464 Loaded shared library C:\Users\bwana\.jdks\openjdk-22.0.2\bin\management_ext.dll
Event: 11.004 Loaded shared library C:\Users\bwana\.jdks\openjdk-22.0.2\bin\verify.dll
Event: 11.592 Loaded shared library C:\Users\bwana\.jdks\openjdk-22.0.2\bin\extnet.dll

Deoptimization events (20 events):
Event: 15.503 Thread 0x000001d512021e50 DEOPT PACKING pc=0x000001d5242bbcd0 sp=0x00000080c02fc840
Event: 15.503 Thread 0x000001d512021e50 DEOPT UNPACKING pc=0x000001d523a64e42 sp=0x00000080c02fbc38 mode 1
Event: 15.503 Thread 0x000001d512021e50 DEOPT PACKING pc=0x000001d51ca180ac sp=0x00000080c02fc880
Event: 15.503 Thread 0x000001d512021e50 DEOPT UNPACKING pc=0x000001d523a64e42 sp=0x00000080c02fbe20 mode 1
Event: 15.556 Thread 0x000001d512021e50 DEOPT PACKING pc=0x000001d5242bbcd0 sp=0x00000080c02fc320
Event: 15.556 Thread 0x000001d512021e50 DEOPT UNPACKING pc=0x000001d523a64e42 sp=0x00000080c02fb718 mode 1
Event: 15.556 Thread 0x000001d512021e50 DEOPT PACKING pc=0x000001d51cec91e4 sp=0x00000080c02fc360
Event: 15.556 Thread 0x000001d512021e50 DEOPT UNPACKING pc=0x000001d523a64e42 sp=0x00000080c02fb850 mode 1
Event: 15.556 Thread 0x000001d512021e50 DEOPT PACKING pc=0x000001d5242bbcd0 sp=0x00000080c02fc320
Event: 15.556 Thread 0x000001d512021e50 DEOPT UNPACKING pc=0x000001d523a64e42 sp=0x00000080c02fb718 mode 1
Event: 15.556 Thread 0x000001d512021e50 DEOPT PACKING pc=0x000001d51cec91e4 sp=0x00000080c02fc360
Event: 15.556 Thread 0x000001d512021e50 DEOPT UNPACKING pc=0x000001d523a64e42 sp=0x00000080c02fb850 mode 1
Event: 15.556 Thread 0x000001d512021e50 DEOPT PACKING pc=0x000001d5242bbcd0 sp=0x00000080c02fc520
Event: 15.556 Thread 0x000001d512021e50 DEOPT UNPACKING pc=0x000001d523a64e42 sp=0x00000080c02fb918 mode 1
Event: 15.556 Thread 0x000001d512021e50 DEOPT PACKING pc=0x000001d51cec91e4 sp=0x00000080c02fc560
Event: 15.556 Thread 0x000001d512021e50 DEOPT UNPACKING pc=0x000001d523a64e42 sp=0x00000080c02fba50 mode 1
Event: 15.557 Thread 0x000001d512021e50 DEOPT PACKING pc=0x000001d5242bbcd0 sp=0x00000080c02fc520
Event: 15.557 Thread 0x000001d512021e50 DEOPT UNPACKING pc=0x000001d523a64e42 sp=0x00000080c02fb918 mode 1
Event: 15.557 Thread 0x000001d512021e50 DEOPT PACKING pc=0x000001d51cec91e4 sp=0x00000080c02fc560
Event: 15.557 Thread 0x000001d512021e50 DEOPT UNPACKING pc=0x000001d523a64e42 sp=0x00000080c02fba50 mode 1

Classes loaded (20 events):
Event: 15.557 Loading class org/hibernate/cache/internal/NoCachingTransactionSynchronizationImpl
Event: 15.557 Loading class org/hibernate/cache/internal/NoCachingTransactionSynchronizationImpl done
Event: 15.558 Loading class org/hibernate/engine/internal/SessionEventListenerManagerImpl
Event: 15.558 Loading class org/hibernate/engine/internal/SessionEventListenerManagerImpl done
Event: 15.559 Loading class org/hibernate/resource/jdbc/internal/EmptyStatementInspector
Event: 15.559 Loading class org/hibernate/resource/jdbc/internal/EmptyStatementInspector done
Event: 15.559 Loading class org/hibernate/internal/SharedSessionCreationOptions
Event: 15.559 Loading class org/hibernate/internal/SharedSessionCreationOptions done
Event: 15.559 Loading class org/hibernate/internal/JdbcSessionContextImpl
Event: 15.559 Loading class org/hibernate/internal/JdbcSessionContextImpl done
Event: 15.560 Loading class org/hibernate/internal/JdbcObserverImpl
Event: 15.560 Loading class org/hibernate/internal/JdbcObserverImpl done
Event: 15.561 Loading class org/hibernate/internal/AbstractSharedSessionContract
Event: 15.561 Loading class org/hibernate/internal/AbstractSharedSessionContract done
Event: 15.561 Loading class org/hibernate/internal/NonContextualJdbcConnectionAccess
Event: 15.561 Loading class org/hibernate/internal/NonContextualJdbcConnectionAccess done
Event: 15.562 Loading class org/hibernate/engine/internal/StatefulPersistenceContext
Event: 15.562 Loading class org/hibernate/engine/internal/StatefulPersistenceContext done
Event: 15.565 Loading class org/hibernate/engine/spi/EntityHolder
Event: 15.565 Loading class org/hibernate/engine/spi/EntityHolder done

Classes unloaded (0 events):
No events

Classes redefined (0 events):
No events

Internal exceptions (20 events):
Event: 13.552 Thread 0x000001d512021e50 Implicit null exception at 0x000001d52404873a to 0x000001d524048774
Event: 13.580 Thread 0x000001d512021e50 Exception <a 'java/lang/IncompatibleClassChangeError'{0x00000000857d02f8}: Found class java.lang.Object, but interface was expected> (0x00000000857d02f8) 
thrown [s\open\src\hotspot\share\interpreter\linkResolver.cpp, line 841]
Event: 13.609 Thread 0x000001d512021e50 Exception <a 'java/lang/NoSuchMethodError'{0x00000000856b8d00}: 'java.lang.Object java.lang.invoke.DirectMethodHandle$Holder.invokeStaticInit(java.lang.Object, java.lang.Object, int, java.lang.Object)'> (0x00000000856b8d00) 
thrown [s\open\src\hotspot\share\interpreter\linkResolver.cpp, line 774]
Event: 14.399 Thread 0x000001d512021e50 Exception <a 'java/lang/NoSuchMethodError'{0x00000000845a4f58}: 'void java.lang.invoke.DirectMethodHandle$Holder.invokeStaticInit(java.lang.Object, int, java.lang.Object, java.lang.Object, java.lang.Object, java.lang.Object)'> (0x00000000845a4f58) 
thrown [s\open\src\hotspot\share\interpreter\linkResolver.cpp, line 774]
Event: 14.439 Thread 0x000001d512021e50 Exception <a 'java/lang/NoSuchMethodError'{0x00000000844d01b0}: 'int java.lang.invoke.DirectMethodHandle$Holder.invokeStatic(java.lang.Object, java.lang.Object, java.lang.Object, java.lang.Object, java.lang.Object)'> (0x00000000844d01b0) 
thrown [s\open\src\hotspot\share\interpreter\linkResolver.cpp, line 774]
Event: 14.464 Thread 0x000001d512021e50 Exception <a 'java/lang/NoSuchMethodError'{0x0000000084377870}: 'void java.lang.invoke.DirectMethodHandle$Holder.invokeInterface(java.lang.Object, java.lang.Object, int, java.lang.Object)'> (0x0000000084377870) 
thrown [s\open\src\hotspot\share\interpreter\linkResolver.cpp, line 774]
Event: 14.471 Thread 0x000001d512021e50 Exception <a 'java/lang/NoSuchMethodError'{0x00000000843a2cf8}: 'java.lang.Object java.lang.invoke.DirectMethodHandle$Holder.newInvokeSpecial(java.lang.Object, java.lang.Object, int, java.lang.Object)'> (0x00000000843a2cf8) 
thrown [s\open\src\hotspot\share\interpreter\linkResolver.cpp, line 774]
Event: 14.471 Thread 0x000001d512021e50 Exception <a 'java/lang/NoSuchMethodError'{0x00000000843a6668}: 'java.lang.Object java.lang.invoke.Invokers$Holder.linkToTargetMethod(java.lang.Object, int, java.lang.Object, java.lang.Object)'> (0x00000000843a6668) 
thrown [s\open\src\hotspot\share\interpreter\linkResolver.cpp, line 774]
Event: 14.483 Thread 0x000001d512021e50 Exception <a 'java/lang/NoSuchMethodError'{0x0000000084207a00}: 'void java.lang.invoke.DirectMethodHandle$Holder.invokeSpecial(java.lang.Object, java.lang.Object, java.lang.Object, java.lang.Object, java.lang.Object, java.lang.Object, java.lang.Object, java.lang.Object)'> (0x0000000084207a00) 
thrown [s\open\src\hotspot\share\interpreter\linkResolver.cpp, line 774]
Event: 14.544 Thread 0x000001d512021e50 Exception <a 'java/lang/NoSuchMethodError'{0x0000000084003970}: 'int java.lang.invoke.DirectMethodHandle$Holder.invokeStatic(java.lang.Object, int, java.lang.Object)'> (0x0000000084003970) 
thrown [s\open\src\hotspot\share\interpreter\linkResolver.cpp, line 774]
Event: 14.548 Thread 0x000001d512021e50 Exception <a 'java/lang/NoSuchMethodError'{0x00000000840227a8}: 'java.lang.Object java.lang.invoke.DirectMethodHandle$Holder.newInvokeSpecial(java.lang.Object, java.lang.Object, java.lang.Object, java.lang.Object, java.lang.Object, int, java.lang.Object)'> (0x00000000840227a8) 
thrown [s\open\src\hotspot\share\interpreter\linkResolver.cpp, line 774]
Event: 14.557 Thread 0x000001d512021e50 Exception <a 'java/lang/NoSuchMethodError'{0x000000008405e040}: 'java.lang.Object java.lang.invoke.Invokers$Holder.linkToTargetMethod(java.lang.Object, java.lang.Object, java.lang.Object, java.lang.Object, java.lang.Object, java.lang.Object, java.lang.Object, java.lang.Object, java.lang.Object, java.lang.Object, java.lang.Object, java.lang.Object)'> (0x000000008405e040) 
thrown [s\open\src\hotspot\share\interpreter\linkResolver.cpp, line 774]
Event: 14.690 Thread 0x000001d512021e50 Exception <a 'java/lang/NoSuchMethodError'{0x0000000083ec8ab0}: 'java.lang.Object java.lang.invoke.DirectMethodHandle$Holder.newInvokeSpecial(java.lang.Object, java.lang.Object, java.lang.Object, java.lang.Object, java.lang.Object, java.lang.Object, java.lang.Object, int)'> (0x0000000083ec8ab0) 
thrown [s\open\src\hotspot\share\interpreter\linkResolver.cpp, line 774]
Event: 14.691 Thread 0x000001d512021e50 Exception <a 'java/lang/NoSuchMethodError'{0x0000000083ecd040}: 'java.lang.Object java.lang.invoke.DirectMethodHandle$Holder.invokeSpecial(java.lang.Object, java.lang.Object, java.lang.Object, java.lang.Object, java.lang.Object, java.lang.Object, java.lang.Object, java.lang.Object, int)'> (0x0000000083ecd040) 
thrown [s\open\src\hotspot\share\interpreter\linkResolver.cpp, line 774]
Event: 14.692 Thread 0x000001d512021e50 Exception <a 'java/lang/NoSuchMethodError'{0x0000000083ed1058}: 'java.lang.Object java.lang.invoke.Invokers$Holder.linkToTargetMethod(java.lang.Object, java.lang.Object, java.lang.Object, java.lang.Object, java.lang.Object, java.lang.Object, int, java.lang.Object)'> (0x0000000083ed1058) 
thrown [s\open\src\hotspot\share\interpreter\linkResolver.cpp, line 774]
Event: 15.116 Thread 0x000001d512021e50 Implicit null exception at 0x000001d52429d66b to 0x000001d52429d920
Event: 15.207 Thread 0x000001d512021e50 Implicit null exception at 0x000001d5242d3988 to 0x000001d5242d58f8
Event: 15.216 Thread 0x000001d512021e50 Exception <a 'java/lang/IncompatibleClassChangeError'{0x00000000848e4348}: Found class java.lang.Object, but interface was expected> (0x00000000848e4348) 
thrown [s\open\src\hotspot\share\interpreter\linkResolver.cpp, line 841]
Event: 15.277 Thread 0x000001d512021e50 Exception <a 'java/lang/IncompatibleClassChangeError'{0x00000000846a52b8}: Found class java.lang.Object, but interface was expected> (0x00000000846a52b8) 
thrown [s\open\src\hotspot\share\interpreter\linkResolver.cpp, line 841]
Event: 15.445 Thread 0x000001d512021e50 Exception <a 'java/lang/IncompatibleClassChangeError'{0x000000008428f8d8}: Found class java.lang.Object, but interface was expected> (0x000000008428f8d8) 
thrown [s\open\src\hotspot\share\interpreter\linkResolver.cpp, line 841]

ZGC Phase Switch (0 events):
No events

VM Operations (20 events):
Event: 14.052 Executing VM operation: G1CollectForAllocation (G1 Evacuation Pause)
Event: 14.058 Executing VM operation: G1CollectForAllocation (G1 Evacuation Pause) done
Event: 14.255 Executing VM operation: HandshakeAllThreads (Deoptimize)
Event: 14.255 Executing VM operation: HandshakeAllThreads (Deoptimize) done
Event: 14.350 Executing VM operation: ICBufferFull
Event: 14.350 Executing VM operation: ICBufferFull done
Event: 14.805 Executing VM operation: CollectForMetadataAllocation (Metadata GC Threshold)
Event: 14.811 Executing VM operation: CollectForMetadataAllocation (Metadata GC Threshold) done
Event: 14.880 Executing VM operation: G1PauseRemark
Event: 14.889 Executing VM operation: G1PauseRemark done
Event: 14.916 Executing VM operation: G1PauseCleanup
Event: 14.916 Executing VM operation: G1PauseCleanup done
Event: 15.009 Executing VM operation: HandshakeAllThreads (Deoptimize)
Event: 15.009 Executing VM operation: HandshakeAllThreads (Deoptimize) done
Event: 15.140 Executing VM operation: HandshakeAllThreads (Deoptimize)
Event: 15.140 Executing VM operation: HandshakeAllThreads (Deoptimize) done
Event: 15.467 Executing VM operation: HandshakeAllThreads (Deoptimize)
Event: 15.467 Executing VM operation: HandshakeAllThreads (Deoptimize) done
Event: 15.468 Executing VM operation: HandshakeAllThreads (Deoptimize)
Event: 15.468 Executing VM operation: HandshakeAllThreads (Deoptimize) done

Memory protections (0 events):
No events

Nmethod flushes (20 events):
Event: 14.888 Thread 0x000001d530150480 flushing  nmethod 0x000001d51caf4b10
Event: 14.888 Thread 0x000001d530150480 flushing  nmethod 0x000001d51cb0ce90
Event: 14.888 Thread 0x000001d530150480 flushing  nmethod 0x000001d51cb25110
Event: 14.888 Thread 0x000001d530150480 flushing  nmethod 0x000001d51cb25590
Event: 14.888 Thread 0x000001d530150480 flushing  nmethod 0x000001d51cb27290
Event: 14.888 Thread 0x000001d530150480 flushing  nmethod 0x000001d51cb28e90
Event: 14.888 Thread 0x000001d530150480 flushing  nmethod 0x000001d51cb29290
Event: 14.888 Thread 0x000001d530150480 flushing  nmethod 0x000001d51cb29c90
Event: 14.888 Thread 0x000001d530150480 flushing  nmethod 0x000001d51cb2a710
Event: 14.888 Thread 0x000001d530150480 flushing  nmethod 0x000001d51cb2ae10
Event: 14.888 Thread 0x000001d530150480 flushing  nmethod 0x000001d51cb5e010
Event: 14.888 Thread 0x000001d530150480 flushing  nmethod 0x000001d51cba7410
Event: 14.888 Thread 0x000001d530150480 flushing  nmethod 0x000001d51cbadb10
Event: 14.888 Thread 0x000001d530150480 flushing  nmethod 0x000001d51cbd6090
Event: 14.888 Thread 0x000001d530150480 flushing  nmethod 0x000001d51cbd8390
Event: 14.888 Thread 0x000001d530150480 flushing  nmethod 0x000001d51cc9dd10
Event: 14.888 Thread 0x000001d530150480 flushing  nmethod 0x000001d51cd04790
Event: 14.888 Thread 0x000001d530150480 flushing  nmethod 0x000001d51cd0c310
Event: 14.888 Thread 0x000001d530150480 flushing  nmethod 0x000001d51cd2ff90
Event: 14.888 Thread 0x000001d530150480 flushing  nmethod 0x000001d51ce05f10

Events (20 events):
Event: 0.441 Thread 0x000001d512021e50 Thread added: 0x000001d5305d1700
Event: 0.468 Thread 0x000001d5305365c0 Thread added: 0x000001d530559cd0
Event: 0.610 Thread 0x000001d512021e50 Thread added: 0x000001d530595d80
Event: 4.309 Thread 0x000001d530176c50 Thread added: 0x000001d5765ebd30
Event: 4.659 Thread 0x000001d5765ebd30 Thread exited: 0x000001d5765ebd30
Event: 4.903 Thread 0x000001d512021e50 Thread added: 0x000001d57659c640
Event: 5.937 Thread 0x000001d512021e50 Thread added: 0x000001d5761b5d80
Event: 5.983 Thread 0x000001d5302e86f0 Thread added: 0x000001d57623ba70
Event: 6.004 Thread 0x000001d5761b5d80 Thread exited: 0x000001d5761b5d80
Event: 6.354 Thread 0x000001d57659c640 Thread exited: 0x000001d57659c640
Event: 9.772 Thread 0x000001d512021e50 Thread added: 0x000001d5784ef540
Event: 9.777 Thread 0x000001d512021e50 Thread added: 0x000001d57721e3c0
Event: 9.784 Thread 0x000001d512021e50 Thread added: 0x000001d57721ea30
Event: 9.896 Thread 0x000001d512021e50 Thread added: 0x000001d5785d30a0
Event: 12.371 Thread 0x000001d512021e50 Thread added: 0x000001d5777aa310
Event: 12.486 Thread 0x000001d5777aa310 Thread added: 0x000001d578c79950
Event: 13.426 Thread 0x000001d57623ba70 Thread exited: 0x000001d57623ba70
Event: 14.490 Thread 0x000001d5302e86f0 Thread added: 0x000001d576db7020
Event: 14.762 Thread 0x000001d576db7020 Thread exited: 0x000001d576db7020
Event: 15.114 Thread 0x000001d5302e86f0 Thread added: 0x000001d5760d8680


Dynamic libraries:
0x00007ff6538c0000 - 0x00007ff6538ce000 	C:\Users\bwana\.jdks\openjdk-22.0.2\bin\java.exe
0x00007ff98ac70000 - 0x00007ff98ae68000 	C:\WINDOWS\SYSTEM32\ntdll.dll
0x00007ff98a5b0000 - 0x00007ff98a672000 	C:\WINDOWS\System32\KERNEL32.DLL
0x00007ff988380000 - 0x00007ff988676000 	C:\WINDOWS\System32\KERNELBASE.dll
0x00007ff988820000 - 0x00007ff988920000 	C:\WINDOWS\System32\ucrtbase.dll
0x00007ff984660000 - 0x00007ff984677000 	C:\Users\bwana\.jdks\openjdk-22.0.2\bin\jli.dll
0x00007ff989970000 - 0x00007ff989b0d000 	C:\WINDOWS\System32\USER32.dll
0x00007ff988300000 - 0x00007ff988322000 	C:\WINDOWS\System32\win32u.dll
0x00007ff98a330000 - 0x00007ff98a35b000 	C:\WINDOWS\System32\GDI32.dll
0x00007ff988700000 - 0x00007ff988819000 	C:\WINDOWS\System32\gdi32full.dll
0x00007ff988a00000 - 0x00007ff988a9d000 	C:\WINDOWS\System32\msvcp_win.dll
0x00007ff97e300000 - 0x00007ff97e31b000 	C:\Users\bwana\.jdks\openjdk-22.0.2\bin\VCRUNTIME140.dll
0x00007ff97aa90000 - 0x00007ff97ad2a000 	C:\WINDOWS\WinSxS\amd64_microsoft.windows.common-controls_6595b64144ccf1df_6.0.19041.5915_none_60b4b9d171f9c7c7\COMCTL32.dll
0x00007ff9898d0000 - 0x00007ff98996e000 	C:\WINDOWS\System32\msvcrt.dll
0x00007ff98a250000 - 0x00007ff98a27f000 	C:\WINDOWS\System32\IMM32.DLL
0x00007ff985970000 - 0x00007ff98597c000 	C:\Users\bwana\.jdks\openjdk-22.0.2\bin\vcruntime140_1.dll
0x00007ff970840000 - 0x00007ff9708ce000 	C:\Users\bwana\.jdks\openjdk-22.0.2\bin\msvcp140.dll
0x00007ff955a60000 - 0x00007ff9567a9000 	C:\Users\bwana\.jdks\openjdk-22.0.2\bin\server\jvm.dll
0x00007ff989810000 - 0x00007ff9898c1000 	C:\WINDOWS\System32\ADVAPI32.dll
0x00007ff98a360000 - 0x00007ff98a3ff000 	C:\WINDOWS\System32\sechost.dll
0x00007ff988e90000 - 0x00007ff988fb3000 	C:\WINDOWS\System32\RPCRT4.dll
0x00007ff988920000 - 0x00007ff988947000 	C:\WINDOWS\System32\bcrypt.dll
0x00007ff988fc0000 - 0x00007ff98902b000 	C:\WINDOWS\System32\WS2_32.dll
0x00007ff987840000 - 0x00007ff98788b000 	C:\WINDOWS\SYSTEM32\POWRPROF.dll
0x00007ff97e650000 - 0x00007ff97e677000 	C:\WINDOWS\SYSTEM32\WINMM.dll
0x00007ff97bc70000 - 0x00007ff97bc7a000 	C:\WINDOWS\SYSTEM32\VERSION.dll
0x00007ff987700000 - 0x00007ff987712000 	C:\WINDOWS\SYSTEM32\UMPDC.dll
0x00007ff986180000 - 0x00007ff986192000 	C:\WINDOWS\SYSTEM32\kernel.appcore.dll
0x00007ff984340000 - 0x00007ff98434a000 	C:\Users\bwana\.jdks\openjdk-22.0.2\bin\jimage.dll
0x00007ff97bca0000 - 0x00007ff97bea1000 	C:\WINDOWS\SYSTEM32\DBGHELP.DLL
0x00007ff97c260000 - 0x00007ff97c294000 	C:\WINDOWS\SYSTEM32\dbgcore.DLL
0x00007ff988c00000 - 0x00007ff988c82000 	C:\WINDOWS\System32\bcryptPrimitives.dll
0x00007ff96da10000 - 0x00007ff96da4c000 	C:\Users\bwana\.jdks\openjdk-22.0.2\bin\jdwp.dll
0x00007ff97e0d0000 - 0x00007ff97e0df000 	C:\Users\bwana\.jdks\openjdk-22.0.2\bin\instrument.dll
0x00007ff97e2e0000 - 0x00007ff97e2fe000 	C:\Users\bwana\.jdks\openjdk-22.0.2\bin\java.dll
0x00007ff989030000 - 0x00007ff98979e000 	C:\WINDOWS\System32\SHELL32.dll
0x00007ff989b10000 - 0x00007ff989c3b000 	C:\WINDOWS\System32\ole32.dll
0x00007ff989c40000 - 0x00007ff989f93000 	C:\WINDOWS\System32\combase.dll
0x00007ff9750a0000 - 0x00007ff9750b7000 	C:\Users\bwana\.jdks\openjdk-22.0.2\bin\zip.dll
0x00007ff986380000 - 0x00007ff986b24000 	C:\WINDOWS\SYSTEM32\windows.storage.dll
0x00007ff987d30000 - 0x00007ff987d5b000 	C:\WINDOWS\SYSTEM32\Wldp.dll
0x00007ff98ab50000 - 0x00007ff98ac1d000 	C:\WINDOWS\System32\OLEAUT32.dll
0x00007ff98a280000 - 0x00007ff98a32d000 	C:\WINDOWS\System32\SHCORE.dll
0x00007ff9897b0000 - 0x00007ff98980b000 	C:\WINDOWS\System32\shlwapi.dll
0x00007ff988230000 - 0x00007ff988255000 	C:\WINDOWS\SYSTEM32\profapi.dll
0x00007ff96d7b0000 - 0x00007ff96d887000 	C:\Users\bwana\.jdks\openjdk-22.0.2\bin\jsvml.dll
0x00007ff97ccb0000 - 0x00007ff97ccbc000 	C:\Users\bwana\.jdks\openjdk-22.0.2\bin\dt_socket.dll
0x00007ff987720000 - 0x00007ff98775b000 	C:\WINDOWS\SYSTEM32\IPHLPAPI.DLL
0x00007ff987a90000 - 0x00007ff987afa000 	C:\WINDOWS\system32\mswsock.dll
0x00007ff97ec20000 - 0x00007ff97ec30000 	C:\Users\bwana\.jdks\openjdk-22.0.2\bin\net.dll
0x00007ff97c990000 - 0x00007ff97c9a6000 	C:\Users\bwana\.jdks\openjdk-22.0.2\bin\nio.dll
0x00007ff975070000 - 0x00007ff97507b000 	C:\Users\bwana\.jdks\openjdk-22.0.2\bin\le.dll
0x00007ff9775b0000 - 0x00007ff9775be000 	C:\Users\bwana\.jdks\openjdk-22.0.2\bin\sunmscapi.dll
0x00007ff988aa0000 - 0x00007ff988bfd000 	C:\WINDOWS\System32\CRYPT32.dll
0x00007ff987da0000 - 0x00007ff987dc7000 	C:\WINDOWS\SYSTEM32\ncrypt.dll
0x00007ff987d60000 - 0x00007ff987d9b000 	C:\WINDOWS\SYSTEM32\NTASN1.dll
0x00007ff987c90000 - 0x00007ff987ca8000 	C:\WINDOWS\SYSTEM32\CRYPTSP.dll
0x00007ff987340000 - 0x00007ff987378000 	C:\WINDOWS\system32\rsaenh.dll
0x00007ff9881f0000 - 0x00007ff98821e000 	C:\WINDOWS\SYSTEM32\USERENV.dll
0x00007ff987c80000 - 0x00007ff987c8c000 	C:\WINDOWS\SYSTEM32\CRYPTBASE.dll
0x00007ff989fa0000 - 0x00007ff989fa8000 	C:\WINDOWS\System32\NSI.dll
0x00007ff97c980000 - 0x00007ff97c98a000 	C:\Users\bwana\.jdks\openjdk-22.0.2\bin\management.dll
0x00007ff976070000 - 0x00007ff97607b000 	C:\Users\bwana\.jdks\openjdk-22.0.2\bin\management_ext.dll
0x00007ff98ac20000 - 0x00007ff98ac28000 	C:\WINDOWS\System32\PSAPI.DLL
0x00007ff97e2d0000 - 0x00007ff97e2e0000 	C:\Users\bwana\.jdks\openjdk-22.0.2\bin\verify.dll
0x00007ff987770000 - 0x00007ff98783a000 	C:\WINDOWS\SYSTEM32\DNSAPI.dll
0x00007ff97d630000 - 0x00007ff97d63a000 	C:\Windows\System32\rasadhlp.dll
0x00007ff97e810000 - 0x00007ff97e890000 	C:\WINDOWS\System32\fwpuclnt.dll
0x00007ff9798a0000 - 0x00007ff9798a9000 	C:\Users\bwana\.jdks\openjdk-22.0.2\bin\extnet.dll

dbghelp: loaded successfully - version: 4.0.5 - missing functions: none
symbol engine: initialized successfully - sym options: 0x614 - pdb path: .;C:\Users\bwana\.jdks\openjdk-22.0.2\bin;C:\WINDOWS\SYSTEM32;C:\WINDOWS\WinSxS\amd64_microsoft.windows.common-controls_6595b64144ccf1df_6.0.19041.5915_none_60b4b9d171f9c7c7;C:\Users\bwana\.jdks\openjdk-22.0.2\bin\server

VM Arguments:
jvm_args: -agentlib:jdwp=transport=dt_socket,address=127.0.0.1:55725,suspend=y,server=n -javaagent:C:\Users\bwana\AppData\Local\JetBrains\IdeaIC2024.2\captureAgent\debugger-agent.jar=file:/C:/Users/bwana/AppData/Local/Temp/capture.props -Dkotlinx.coroutines.debug.enable.creation.stack.trace=false -Ddebugger.agent.enable.coroutines=true -Dfile.encoding=UTF-8 -Dsun.stdout.encoding=UTF-8 -Dsun.stderr.encoding=UTF-8 
java_command: essay.essay.EssayApplication
java_class_path (initial): C:\Users\bwana\Downloads\essay\target\classes;C:\Users\bwana\.m2\repository\org\springframework\boot\spring-boot-starter-data-jpa\3.5.3\spring-boot-starter-data-jpa-3.5.3.jar;C:\Users\bwana\.m2\repository\org\springframework\boot\spring-boot-starter\3.5.3\spring-boot-starter-3.5.3.jar;C:\Users\bwana\.m2\repository\org\springframework\boot\spring-boot\3.5.3\spring-boot-3.5.3.jar;C:\Users\bwana\.m2\repository\org\springframework\boot\spring-boot-autoconfigure\3.5.3\spring-boot-autoconfigure-3.5.3.jar;C:\Users\bwana\.m2\repository\org\springframework\boot\spring-boot-starter-logging\3.5.3\spring-boot-starter-logging-3.5.3.jar;C:\Users\bwana\.m2\repository\ch\qos\logback\logback-classic\1.5.18\logback-classic-1.5.18.jar;C:\Users\bwana\.m2\repository\ch\qos\logback\logback-core\1.5.18\logback-core-1.5.18.jar;C:\Users\bwana\.m2\repository\org\apache\logging\log4j\log4j-to-slf4j\2.24.3\log4j-to-slf4j-2.24.3.jar;C:\Users\bwana\.m2\repository\org\apache\logging\log4j\log4j-api\2.24.3\log4j-api-2.24.3.jar;C:\Users\bwana\.m2\repository\org\slf4j\jul-to-slf4j\2.0.17\jul-to-slf4j-2.0.17.jar;C:\Users\bwana\.m2\repository\jakarta\annotation\jakarta.annotation-api\2.1.1\jakarta.annotation-api-2.1.1.jar;C:\Users\bwana\.m2\repository\org\yaml\snakeyaml\2.4\snakeyaml-2.4.jar;C:\Users\bwana\.m2\repository\org\springframework\boot\spring-boot-starter-jdbc\3.5.3\spring-boot-starter-jdbc-3.5.3.jar;C:\Users\bwana\.m2\repository\com\zaxxer\HikariCP\6.3.0\HikariCP-6.3.0.jar;C:\Users\bwana\.m2\repository\org\springframework\spring-jdbc\6.2.8\spring-jdbc-6.2.8.jar;C:\Users\bwana\.m2\repository\org\springframework\data\spring-data-jpa\3.5.1\spring-data-jpa-3.5.1.jar;C:\Users\bwana\.m2\repository\org\springframework\data\spring-data-commons\3.5.1\spring-data-commons-3.5.1.jar;C:\Users\bwana\.m2\repository\org\springframework\spring-orm\6.2.8\spring-orm-6.2.8.jar;C:\Users\bwana\.m2\repository\org\springframework\spring-context\6.2.8\spring-context-6.2.8.jar;C:\Users\bwana\.m2\repository\org\springframework\spring-aop\6.2.8\spring-aop-6.2.8.jar;C:\Users\bwana\.m2\repository\org\springframework\spring-tx\6.2.8\spring-tx-6.2.8.jar;C:\Users\bwana\.m2\repository\org\springframework\spring-beans\6.2.8\spring-beans-6.2.8.jar;C:\Users\bwana\.m2\repository\org\springframework\spring-aspects\6.2.8\spring-aspects-6.2.8.jar;C:\Users\bwana\.m2\repository\org\aspectj\aspectjweaver\1.9.24\aspectjweaver-1.9.24.jar;C:\Users\bwana\.m2\repository\org\springframework\boot\spring-boot-starter-web\3.5.3\spring-boot-starter-web-3.5.3.jar;C:\Users\bwana\.m2\repository\org\springframework\boot\spring-boot-starter-json\3.5.3\spring-boot-starter-json-3.5.3.jar;C:\Users\bwana\.m2\repository\com\fasterxml\jackson\datatype\jackson-datatype-jdk8\2.19.1\jackson-datatype-jdk8-2.19.1.jar;C:\Users\bwana\.m2\repository\com\fasterxml\jackson\datatype\jackson-datatype-jsr310\2.19.1\jackson-datatype-jsr310-2.19.1.jar;C:\Users\bwana\.m2\repository\com\fasterxml\jackson\module\jackson-module-parameter-names\2.19.1\jackson-module-parameter-names-2.19.1.jar;C:\Users\bwana\.m2\repository\org\springframework\boot\spring-boot-starter-tomcat\3.5.3\spring-boot-starter-tomcat-3.5.3.jar;C:\Users\bwana\.m2\repository\org\apache\tomcat\embed\tomcat-embed-core\10.1.42\tomcat-embed-core-10.1.42.jar;C:\Users\bwana\.m2\repository\org\apache\tomcat\embed\tomcat-embed-el\10.1.42\tomcat-embed-el-10.1.42.jar;C:\Users\bwana\.m2\repository\org\apache\tomcat\embed\tomcat-embed-websocket\10.1.42\tomcat-embed-websocket-10.1.42.jar;C:\Users\bwana\.m2\repository\org\springframework\spring-web\6.2.8\spring-web-6.2.8.jar;C:\Users\bwana\.m2\repository\io\micrometer\micrometer-observation\1.15.1\micrometer-observation-1.15.1.jar;C:\Users\bwana\.m2\repository\io\micrometer\micrometer-commons\1.15.1\micrometer-commons-1.15.1.jar;C:\Users\bwana\.m2\repository\org\springframework\spring-webmvc\6.2.8\spring-webmvc-6.2.8.jar;C:\Users\bwana\.m2\repository\org\springframework\spring-expression\6.2.8\spring-expression-6.2.8.jar;C:\Users\bwana\.m2\repository\com\mysql\mysql-connector-j\9.2.0\mysql-connector-j-9.2.0.jar;C:\Users\bwana\.m2\repository\io\jsonwebtoken\jjwt-api\0.11.5\jjwt-api-0.11.5.jar;C:\Users\bwana\.m2\repository\io\jsonwebtoken\jjwt-impl\0.11.5\jjwt-impl-0.11.5.jar;C:\Users\bwana\.m2\repository\io\jsonwebtoken\jjwt-jackson\0.11.5\jjwt-jackson-0.11.5.jar;C:\Users\bwana\.m2\repository\com\fasterxml\jackson\core\jackson-databind\2.19.1\jackson-databind-2.19.1.jar;C:\Users\bwana\.m2\repository\com\fasterxml\jackson\core\jackson-annotations\2.19.1\jackson-annotations-2.19.1.jar;C:\Users\bwana\.m2\repository\com\google\cloud\google-cloud-storage\2.53.2\google-cloud-storage-2.53.2.jar;C:\Users\bwana\.m2\repository\com\google\guava\guava\33.4.0-jre\guava-33.4.0-jre.jar;C:\Users\bwana\.m2\repository\com\google\guava\failureaccess\1.0.2\failureaccess-1.0.2.jar;C:\Users\bwana\.m2\repository\com\google\guava\listenablefuture\9999.0-empty-to-avoid-conflict-with-guava\listenablefuture-9999.0-empty-to-avoid-conflict-with-guava.jar;C:\Users\bwana\.m2\repository\com\google\errorprone\error_prone_annotations\2.38.0\error_prone_annotations-2.38.0.jar;C:\Users\bwana\.m2\repository\com\google\j2objc\j2objc-annotations\3.0.0\j2objc-annotations-3.0.0.jar;C:\Users\bwana\.m2\repository\com\google\http-client\google-http-client\1.47.1\google-http-client-1.47.1.jar;C:\Users\bwana\.m2\repository\io\grpc\grpc-context\1.71.0\grpc-context-1.71.0.jar;C:\Users\bwana\.m2\repository\io\opencensus\opencensus-contrib-http-util\0.31.1\opencensus-contrib-http-util-0.31.1.jar;C:\Users\bwana\.m2\repository\com\google\http-client\google-http-client-jackson2\1.47.1\google-http-client-jackson2-1.47.1.jar;C:\Users\bwana\.m2\repository\com\google\http-client\google-http-client-gson\1.47.1\google-http-client-gson-1.47.1.jar;C:\Users\bwana\.m2\repository\com\google\api-client\google-api-client\2.7.2\google-api-client-2.7.2.jar;C:\Users\bwana\.m2\repository\commons-codec\commons-codec\1.18.0\commons-codec-1.18.0.jar;C:\Users\bwana\.m2\repository\com\google\oauth-client\google-oauth-client\1.39.0\google-oauth-client-1.39.0.jar;C:\Users\bwana\.m2\repository\com\google\http-client\google-http-client-apache-v2\1.47.1\google-http-client-apache-v2-1.47.1.jar;C:\Users\bwana\.m2\repository\com\google\apis\google-api-services-storage\v1-rev20250605-2.0.0\google-api-services-storage-v1-rev20250605-2.0.0.jar;C:\Users\bwana\.m2\repository\com\google\code\gson\gson\2.13.1\gson-2.13.1.jar;C:\Users\bwana\.m2\repository\com\google\cloud\google-cloud-core\2.58.0\google-cloud-core-2.58.0.jar;C:\Users\bwana\.m2\repository\com\google\auto\value\auto-value-annotations\1.11.0\auto-value-annotations-1.11.0.jar;C:\Users\bwana\.m2\repository\com\google\cloud\google-cloud-core-http\2.58.0\google-cloud-core-http-2.58.0.jar;C:\Users\bwana\.m2\repository\com\google\http-client\google-http-client-appengine\1.47.1\google-http-client-appengine-1.47.1.jar;C:\Users\bwana\.m2\repository\com\google\api\gax-httpjson\2.68.0\gax-httpjson-2.68.0.jar;C:\Users\bwana\.m2\repository\com\google\cloud\google-cloud-core-grpc\2.58.0\google-cloud-core-grpc-2.58.0.jar;C:\Users\bwana\.m2\repository\com\google\api\gax\2.68.0\gax-2.68.0.jar;C:\Users\bwana\.m2\repository\com\google\api\gax-grpc\2.68.0\gax-grpc-2.68.0.jar;C:\Users\bwana\.m2\repository\io\grpc\grpc-inprocess\1.71.0\grpc-inprocess-1.71.0.jar;C:\Users\bwana\.m2\repository\io\grpc\grpc-alts\1.71.0\grpc-alts-1.71.0.jar;C:\Users\bwana\.m2\repository\io\grpc\grpc-grpclb\1.71.0\grpc-grpclb-1.71.0.jar;C:\Users\bwana\.m2\repository\org\conscrypt\conscrypt-openjdk-uber\2.5.2\conscrypt-openjdk-uber-2.5.2.jar;C:\Users\bwana\.m2\repository\io\grpc\grpc-auth\1.71.0\grpc-auth-1.71.0.jar;C:\Users\bwana\.m2\repository\com\google\auth\google-auth-library-credentials\1.37.1\google-auth-library-credentials-1.37.1.jar;C:\Users\bwana\.m2\repository\com\google\auth\google-auth-library-oauth2-http\1.37.1\google-auth-library-oauth2-http-1.37.1.jar;C:\Users\bwana\.m2\repository\com\google\api\api-common\2.51.0\api-common-2.51.0.jar;C:\Users\bwana\.m2\repository\javax\annotation\javax.annotation-api\1.3.2\javax.annotation-api-1.3.2.jar;C:\Users\bwana\.m2\repository\io\opencensus\opencensus-api\0.31.1\opencensus-api-0.31.1.jar;C:\Users\bwana\.m2\repository\io\opentelemetry\opentelemetry-context\1.49.0\opentelemetry-context-1.49.0.jar;C:\Users\bwana\.m2\repository\com\google\api\grpc\proto-google-iam-v1\1.54.0\proto-google-iam-v1-1.54.0.jar;C:\Users\bwana\.m2\repository\com\google\protobuf\protobuf-java\3.25.8\protobuf-java-3.25.8.jar;C:\Users\bwana\.m2\repository\com\google\protobuf\protobuf-java-util\3.25.8\protobuf-java-util-3.25.8.jar;C:\Users\bwana\.m2\repository\io\grpc\grpc-core\1.71.0\grpc-core-1.71.0.jar;C:\Users\bwana\.m2\repository\com\google\android\annotations\4.1.1.4\annotations-4.1.1.4.jar;C:\Users\bwana\.m2\repository\org\codehaus\mojo\animal-sniffer-annotations\1.24\animal-sniffer-annotations-1.24.jar;C:\Users\bwana\.m2\repository\io\perfmark\perfmark-api\0.27.0\perfmark-api-0.27.0.jar;C:\Users\bwana\.m2\repository\io\grpc\grpc-protobuf\1.71.0\grpc-protobuf-1.71.0.jar;C:\Users\bwana\.m2\repository\io\grpc\grpc-protobuf-lite\1.71.0\grpc-protobuf-lite-1.71.0.jar;C:\Users\bwana\.m2\repository\com\google\api\grpc\proto-google-common-protos\2.59.0\proto-google-common-protos-2.59.0.jar;C:\Users\bwana\.m2\repository\org\threeten\threetenbp\1.7.0\threetenbp-1.7.0.jar;C:\Users\bwana\.m2\repository\com\google\api\grpc\proto-google-cloud-storage-v2\2.53.2\proto-google-cloud-storage-v2-2.53.2.jar;C:\Users\bwana\.m2\repository\com\google\api\grpc\grpc-google-cloud-storage-v2\2.53.2\grpc-google-cloud-storage-v2-2.53.2.jar;C:\Users\bwana\.m2\repository\com\google\api\grpc\gapic-google-cloud-storage-v2\2.53.2\gapic-google-cloud-storage-v2-2.53.2.jar;C:\Users\bwana\.m2\repository\io\opentelemetry\opentelemetry-sdk\1.49.0\opentelemetry-sdk-1.49.0.jar;C:\Users\bwana\.m2\repository\io\opentelemetry\opentelemetry-sdk-trace\1.49.0\opentelemetry-sdk-trace-1.49.0.jar;C:\Users\bwana\.m2\repository\io\opentelemetry\opentelemetry-sdk-logs\1.49.0\opentelemetry-sdk-logs-1.49.0.jar;C:\Users\bwana\.m2\repository\io\grpc\grpc-opentelemetry\1.71.0\grpc-opentelemetry-1.71.0.jar;C:\Users\bwana\.m2\repository\io\opentelemetry\opentelemetry-api\1.49.0\opentelemetry-api-1.49.0.jar;C:\Users\bwana\.m2\repository\io\opentelemetry\opentelemetry-sdk-metrics\1.49.0\opentelemetry-sdk-metrics-1.49.0.jar;C:\Users\bwana\.m2\repository\io\opentelemetry\opentelemetry-sdk-common\1.49.0\opentelemetry-sdk-common-1.49.0.jar;C:\Users\bwana\.m2\repository\io\opentelemetry\opentelemetry-sdk-extension-autoconfigure-spi\1.49.0\opentelemetry-sdk-extension-autoconfigure-spi-1.49.0.jar;C:\Users\bwana\.m2\repository\io\opentelemetry\semconv\opentelemetry-semconv\1.29.0-alpha\opentelemetry-semconv-1.29.0-alpha.jar;C:\Users\bwana\.m2\repository\com\google\cloud\opentelemetry\exporter-metrics\0.33.0\exporter-metrics-0.33.0.jar;C:\Users\bwana\.m2\repository\org\slf4j\slf4j-api\2.0.17\slf4j-api-2.0.17.jar;C:\Users\bwana\.m2\repository\com\google\cloud\google-cloud-monitoring\3.52.0\google-cloud-monitoring-3.52.0.jar;C:\Users\bwana\.m2\repository\com\google\api\grpc\proto-google-cloud-monitoring-v3\3.52.0\proto-google-cloud-monitoring-v3-3.52.0.jar;C:\Users\bwana\.m2\repository\com\google\cloud\opentelemetry\shared-resourcemapping\0.33.0\shared-resourcemapping-0.33.0.jar;C:\Users\bwana\.m2\repository\io\opentelemetry\contrib\opentelemetry-gcp-resources\1.37.0-alpha\opentelemetry-gcp-resources-1.37.0-alpha.jar;C:\Users\bwana\.m2\repository\com\google\cloud\opentelemetry\detector-resources-support\0.33.0\detector-resources-support-0.33.0.jar;C:\Users\bwana\.m2\repository\org\checkerframework\checker-qual\3.49.0\checker-qual-3.49.0.jar;C:\Users\bwana\.m2\repository\com\fasterxml\jackson\core\jackson-core\2.19.1\jackson-core-2.19.1.jar;C:\Users\bwana\.m2\repository\com\google\code\findbugs\jsr305\3.0.2\jsr305-3.0.2.jar;C:\Users\bwana\.m2\repository\io\grpc\grpc-api\1.71.0\grpc-api-1.71.0.jar;C:\Users\bwana\.m2\repository\io\grpc\grpc-netty-shaded\1.71.0\grpc-netty-shaded-1.71.0.jar;C:\Users\bwana\.m2\repository\io\grpc\grpc-util\1.71.0\grpc-util-1.71.0.jar;C:\Users\bwana\.m2\repository\io\grpc\grpc-stub\1.71.0\grpc-stub-1.71.0.jar;C:\Users\bwana\.m2\repository\io\grpc\grpc-googleapis\1.71.0\grpc-googleapis-1.71.0.jar;C:\Users\bwana\.m2\repository\io\grpc\grpc-xds\1.71.0\grpc-xds-1.71.0.jar;C:\Users\bwana\.m2\repository\io\grpc\grpc-services\1.71.0\grpc-services-1.71.0.jar;C:\Users\bwana\.m2\repository\com\google\re2j\re2j\1.8\re2j-1.8.jar;C:\Users\bwana\.m2\repository\io\grpc\grpc-rls\1.71.0\grpc-rls-1.71.0.jar;C:\Users\bwana\.m2\repository\org\springframework\spring-core\6.2.8\spring-core-6.2.8.jar;C:\Users\bwana\.m2\repository\org\springframework\spring-jcl\6.2.8\spring-jcl-6.2.8.jar;C:\Users\bwana\.m2\repository\org\hibernate\orm\hibernate-core\6.4.1.Final\hibernate-core-6.4.1.Final.jar;C:\Users\bwana\.m2\repository\jakarta\persistence\jakarta.persistence-api\3.1.0\jakarta.persistence-api-3.1.0.jar;C:\Users\bwana\.m2\repository\jakarta\transaction\jakarta.transaction-api\2.0.1\jakarta.transaction-api-2.0.1.jar;C:\Users\bwana\.m2\repository\org\jboss\logging\jboss-logging\3.6.1.Final\jboss-logging-3.6.1.Final.jar;C:\Users\bwana\.m2\repository\org\hibernate\common\hibernate-commons-annotations\6.0.6.Final\hibernate-commons-annotations-6.0.6.Final.jar;C:\Users\bwana\.m2\repository\io\smallrye\jandex\3.1.2\jandex-3.1.2.jar;C:\Users\bwana\.m2\repository\com\fasterxml\classmate\1.7.0\classmate-1.7.0.jar;C:\Users\bwana\.m2\repository\net\bytebuddy\byte-buddy\1.17.6\byte-buddy-1.17.6.jar;C:\Users\bwana\.m2\repository\jakarta\xml\bind\jakarta.xml.bind-api\4.0.2\jakarta.xml.bind-api-4.0.2.jar;C:\Users\bwana\.m2\repository\jakarta\activation\jakarta.activation-api\2.1.3\jakarta.activation-api-2.1.3.jar;C:\Users\bwana\.m2\repository\org\glassfish\jaxb\jaxb-runtime\4.0.5\jaxb-runtime-4.0.5.jar;C:\Users\bwana\.m2\repository\org\glassfish\jaxb\jaxb-core\4.0.5\jaxb-core-4.0.5.jar;C:\Users\bwana\.m2\repository\org\eclipse\angus\angus-activation\2.0.2\angus-activation-2.0.2.jar;C:\Users\bwana\.m2\repository\org\glassfish\jaxb\txw2\4.0.5\txw2-4.0.5.jar;C:\Users\bwana\.m2\repository\com\sun\istack\istack-commons-runtime\4.1.2\istack-commons-runtime-4.1.2.jar;C:\Users\bwana\.m2\repository\jakarta\inject\jakarta.inject-api\2.0.1\jakarta.inject-api-2.0.1.jar;C:\Users\bwana\.m2\repository\org\antlr\antlr4-runtime\4.13.0\antlr4-runtime-4.13.0.jar;C:\Program Files\JetBrains\IntelliJ IDEA Community Edition 2024.2\lib\idea_rt.jar
Launcher Type: SUN_STANDARD

[Global flags]
     intx CICompilerCount                          = 3                                         {product} {ergonomic}
     uint ConcGCThreads                            = 1                                         {product} {ergonomic}
     uint G1ConcRefinementThreads                  = 4                                         {product} {ergonomic}
   size_t G1HeapRegionSize                         = 1048576                                   {product} {ergonomic}
   size_t InitialHeapSize                          = 134217728                                 {product} {ergonomic}
   size_t MarkStackSize                            = 4194304                                   {product} {ergonomic}
   size_t MaxHeapSize                              = 2122317824                                {product} {ergonomic}
   size_t MaxNewSize                               = 1272971264                                {product} {ergonomic}
   size_t MinHeapDeltaBytes                        = 1048576                                   {product} {ergonomic}
   size_t MinHeapSize                              = 8388608                                   {product} {ergonomic}
    uintx NonNMethodCodeHeapSize                   = 5832780                                {pd product} {ergonomic}
    uintx NonProfiledCodeHeapSize                  = 122912730                              {pd product} {ergonomic}
    uintx ProfiledCodeHeapSize                     = 122912730                              {pd product} {ergonomic}
    uintx ReservedCodeCacheSize                    = 251658240                              {pd product} {ergonomic}
     bool SegmentedCodeCache                       = true                                      {product} {ergonomic}
   size_t SoftMaxHeapSize                          = 2122317824                             {manageable} {ergonomic}
     bool UseCompressedOops                        = true                           {product lp64_product} {ergonomic}
     bool UseG1GC                                  = true                                      {product} {ergonomic}
     bool UseLargePagesIndividualAllocation        = false                                  {pd product} {ergonomic}

Logging:
Log output configuration:
 #0: stdout all=warning uptime,level,tags foldmultilines=false
 #1: stderr all=off uptime,level,tags foldmultilines=false

Environment Variables:
PATH=C:\Python313\Scripts\;C:\Python313\;C:\Program Files\Common Files\Oracle\Java\javapath;C:\WINDOWS\system32;C:\WINDOWS;C:\WINDOWS\System32\Wbem;C:\WINDOWS\System32\WindowsPowerShell\v1.0\;C:\WINDOWS\System32\OpenSSH\;C:\Program Files\Git\cmd;C:\Program Files\apache-maven-3.9.5-bin\apache-maven-3.9.5\bin;C:\Program Files\apache-ant-1.10.14\bin;C:\ProgramData\chocolatey\bin;C:\Users\bwana\AppData\Roaming\nvm;C:\Program Files\nodejs;C:\Program Files\nodejs\;C:\Users\bwana\AppData\Local\Microsoft\WindowsApps;C:\Users\bwana\AppData\Local\Programs\Microsoft VS Code\bin;C:\Users\bwana\AppData\Local\GitHubDesktop\bin;C:\Program Files\JetBrains\IntelliJ IDEA Community Edition 2024.2\bin;;C:\Users\bwana\AppData\Roaming\nvm;C:\Program Files\nodejs;C:\Users\bwana\AppData\Roaming\npm
USERNAME=bwana
OS=Windows_NT
PROCESSOR_IDENTIFIER=Intel64 Family 6 Model 42 Stepping 7, GenuineIntel
TMP=C:\Users\bwana\AppData\Local\Temp
TEMP=C:\Users\bwana\AppData\Local\Temp




Periodic native trim disabled

---------------  S Y S T E M  ---------------

OS:
 Windows 10 , 64 bit Build 19041 (10.0.19041.5915)
OS uptime: 0 days 18:58 hours

CPU: total 4 (initial active 4) (2 cores per cpu, 2 threads per core) family 6 model 42 stepping 7 microcode 0x2f, cx8, cmov, fxsr, ht, mmx, sse, sse2, sse3, ssse3, sse4.1, sse4.2, popcnt, tsc, tscinvbit, avx, aes, clmul, vzeroupper, clflush, rdtscp
Processor Information for all 4 processors :
  Max Mhz: 2501, Current Mhz: 2501, Mhz Limit: 2501

Memory: 4k page, system-wide physical 8088M (815M free)
TotalPageFile size 15558M (AvailPageFile size 5M)
current process WorkingSet (physical memory assigned to process): 267M, peak: 267M
current process commit charge ("private bytes"): 297M, peak: 309M

vm_info: OpenJDK 64-Bit Server VM (22.0.2+9-70) for windows-amd64 JRE (22.0.2+9-70), built on 2024-06-04T16:52:23Z by "mach5one" with MS VC++ 17.6 (VS2022)

END.
